WARN    (2011-10-07) 06:24.06:757   [cocoon.manager] (Unknown-URI) Unknown-Thread/CoreServiceManager: ComponentLocator exception from parent SM during lookup.
org.apache.avalon.framework.service.ServiceException: Component for key 'org.apache.excalibur.source.SourceResolver' not found. (Key='Cocoon')
	at org.apache.cocoon.core.container.SingleComponentServiceManager.lookup(SingleComponentServiceManager.java:68)
	at org.apache.cocoon.core.container.CoreServiceManager.lookup(CoreServiceManager.java:355)
	at org.apache.cocoon.components.treeprocessor.TreeProcessor.service(TreeProcessor.java:197)
	at org.apache.avalon.framework.container.ContainerUtil.service(ContainerUtil.java:143)
	at org.apache.cocoon.core.container.ComponentFactory.setupInstance(ComponentFactory.java:150)
	at org.apache.cocoon.core.container.ComponentFactory.newInstance(ComponentFactory.java:133)
	at org.apache.cocoon.core.container.handler.ThreadSafeComponentHandler.doInitialize(ThreadSafeComponentHandler.java:54)
	at org.apache.cocoon.core.container.handler.AbstractComponentHandler.initialize(AbstractComponentHandler.java:274)
	at org.apache.cocoon.core.container.handler.LazyHandler.getDelegate(LazyHandler.java:53)
	at org.apache.cocoon.core.container.handler.LazyHandler.get(LazyHandler.java:71)
	at org.apache.cocoon.core.container.CoreServiceManager.lookup(CoreServiceManager.java:427)
	at org.apache.cocoon.Cocoon.initialize(Cocoon.java:260)
	at org.apache.avalon.framework.container.ContainerUtil.initialize(ContainerUtil.java:244)
	at org.apache.cocoon.core.CoreUtil.createProcessor(CoreUtil.java:758)
	at org.apache.cocoon.core.CoreUtil.createCocoon(CoreUtil.java:717)
	at org.apache.cocoon.bean.CocoonWrapper.initialize(CocoonWrapper.java:129)
	at org.apache.cocoon.bean.CocoonBean.initialize(CocoonBean.java:97)
	at org.apache.cocoon.Main.main(Main.java:310)
WARN    (2011-10-07) 06:24.06:774   [cocoon.manager] (Unknown-URI) Unknown-Thread/CoreServiceManager: ComponentLocator exception from parent SM during lookup.
org.apache.avalon.framework.service.ServiceException: Component for key 'org.apache.cocoon.components.fam.SitemapMonitor' not found. (Key='Cocoon')
	at org.apache.cocoon.core.container.SingleComponentServiceManager.lookup(SingleComponentServiceManager.java:68)
	at org.apache.cocoon.core.container.CoreServiceManager.lookup(CoreServiceManager.java:355)
	at org.apache.cocoon.components.treeprocessor.TreeProcessor.service(TreeProcessor.java:198)
	at org.apache.avalon.framework.container.ContainerUtil.service(ContainerUtil.java:143)
	at org.apache.cocoon.core.container.ComponentFactory.setupInstance(ComponentFactory.java:150)
	at org.apache.cocoon.core.container.ComponentFactory.newInstance(ComponentFactory.java:133)
	at org.apache.cocoon.core.container.handler.ThreadSafeComponentHandler.doInitialize(ThreadSafeComponentHandler.java:54)
	at org.apache.cocoon.core.container.handler.AbstractComponentHandler.initialize(AbstractComponentHandler.java:274)
	at org.apache.cocoon.core.container.handler.LazyHandler.getDelegate(LazyHandler.java:53)
	at org.apache.cocoon.core.container.handler.LazyHandler.get(LazyHandler.java:71)
	at org.apache.cocoon.core.container.CoreServiceManager.lookup(CoreServiceManager.java:427)
	at org.apache.cocoon.Cocoon.initialize(Cocoon.java:260)
	at org.apache.avalon.framework.container.ContainerUtil.initialize(ContainerUtil.java:244)
	at org.apache.cocoon.core.CoreUtil.createProcessor(CoreUtil.java:758)
	at org.apache.cocoon.core.CoreUtil.createCocoon(CoreUtil.java:717)
	at org.apache.cocoon.bean.CocoonWrapper.initialize(CocoonWrapper.java:129)
	at org.apache.cocoon.bean.CocoonBean.initialize(CocoonBean.java:97)
	at org.apache.cocoon.Main.main(Main.java:310)
WARN    (2011-10-07) 06:24.06:932   [cocoon.manager] (Unknown-URI) Unknown-Thread/CoreServiceManager: ComponentLocator exception from parent SM during lookup.
org.apache.avalon.framework.service.ServiceException: Component for key 'org.apache.cocoon.components.treeprocessor.TreeBuilder/sitemap-1.0' not found. (Key='Cocoon')
	at org.apache.cocoon.core.container.SingleComponentServiceManager.lookup(SingleComponentServiceManager.java:68)
	at org.apache.cocoon.core.container.CoreServiceManager.lookup(CoreServiceManager.java:355)
	at org.apache.cocoon.components.treeprocessor.TreeProcessor.getTreeBuilder(TreeProcessor.java:375)
	at org.apache.cocoon.components.treeprocessor.TreeProcessor.buildConcreteProcessor(TreeProcessor.java:720)
	at org.apache.cocoon.components.treeprocessor.TreeProcessor.setupConcreteProcessor(TreeProcessor.java:394)
	at org.apache.cocoon.components.treeprocessor.TreeProcessor.process(TreeProcessor.java:288)
	at org.apache.cocoon.Cocoon.process(Cocoon.java:557)
	at org.apache.cocoon.bean.CocoonWrapper.getPage(CocoonWrapper.java:426)
	at org.apache.cocoon.bean.CocoonBean.processTarget(CocoonBean.java:496)
	at org.apache.cocoon.bean.CocoonBean.process(CocoonBean.java:357)
	at org.apache.cocoon.Main.main(Main.java:311)
WARN    (2011-10-07) 06:24.07:200   [cocoon.manager] (Unknown-URI) Unknown-Thread/CoreServiceManager: ComponentLocator exception from parent SM during lookup.
org.apache.avalon.framework.service.ServiceException: Component for key 'org.apache.cocoon.caching.Cache' not found. (Key='Cocoon')
	at org.apache.cocoon.core.container.SingleComponentServiceManager.lookup(SingleComponentServiceManager.java:68)
	at org.apache.cocoon.core.container.CoreServiceManager.lookup(CoreServiceManager.java:355)
	at org.apache.cocoon.core.container.CoreServiceManager.lookup(CoreServiceManager.java:355)
	at org.apache.cocoon.components.pipeline.impl.BaseCachingProcessingPipeline.parameterize(BaseCachingProcessingPipeline.java:61)
	at org.apache.cocoon.components.pipeline.impl.AbstractCachingProcessingPipeline.parameterize(AbstractCachingProcessingPipeline.java:115)
	at org.apache.avalon.framework.container.ContainerUtil.parameterize(ContainerUtil.java:228)
	at org.apache.cocoon.core.container.ComponentFactory.setupInstance(ComponentFactory.java:157)
	at org.apache.cocoon.core.container.ComponentFactory.newInstance(ComponentFactory.java:133)
	at org.apache.cocoon.core.container.handler.NonThreadSafePoolableComponentHandler.getFromPool(NonThreadSafePoolableComponentHandler.java:165)
	at org.apache.cocoon.core.container.handler.NonThreadSafePoolableComponentHandler.doGet(NonThreadSafePoolableComponentHandler.java:238)
	at org.apache.cocoon.core.container.handler.AbstractComponentHandler.get(AbstractComponentHandler.java:181)
	at org.apache.cocoon.core.container.handler.LazyHandler.get(LazyHandler.java:71)
	at org.apache.cocoon.core.container.CoreServiceManager.lookup(CoreServiceManager.java:427)
	at org.apache.cocoon.core.container.DefaultServiceSelector.select(DefaultServiceSelector.java:141)
	at org.apache.cocoon.components.treeprocessor.sitemap.ComponentsSelector.select(ComponentsSelector.java:109)
	at org.apache.cocoon.components.treeprocessor.InvokeContext.getProcessingPipeline(InvokeContext.java:158)
	at org.apache.cocoon.components.treeprocessor.sitemap.GenerateNode.invoke(GenerateNode.java:70)
	at org.apache.cocoon.components.treeprocessor.AbstractParentProcessingNode.invokeNodes(AbstractParentProcessingNode.java:55)
	at org.apache.cocoon.components.treeprocessor.sitemap.PreparableMatchNode.invoke(PreparableMatchNode.java:116)
	at org.apache.cocoon.components.treeprocessor.AbstractParentProcessingNode.invokeNodes(AbstractParentProcessingNode.java:55)
	at org.apache.cocoon.components.treeprocessor.sitemap.PreparableMatchNode.invoke(PreparableMatchNode.java:116)
	at org.apache.cocoon.components.treeprocessor.AbstractParentProcessingNode.invokeNodes(AbstractParentProcessingNode.java:77)
	at org.apache.cocoon.components.treeprocessor.sitemap.PipelineNode.invoke(PipelineNode.java:155)
	at org.apache.cocoon.components.treeprocessor.AbstractParentProcessingNode.invokeNodes(AbstractParentProcessingNode.java:77)
	at org.apache.cocoon.components.treeprocessor.sitemap.PipelinesNode.invoke(PipelinesNode.java:95)
	at org.apache.cocoon.components.treeprocessor.ConcreteTreeProcessor.process(ConcreteTreeProcessor.java:292)
	at org.apache.cocoon.components.treeprocessor.ConcreteTreeProcessor.buildPipeline(ConcreteTreeProcessor.java:239)
	at org.apache.cocoon.components.treeprocessor.TreeProcessor.buildPipeline(TreeProcessor.java:302)
	at org.apache.cocoon.components.source.impl.SitemapSource.init(SitemapSource.java:266)
	at org.apache.cocoon.components.source.impl.SitemapSource.<init>(SitemapSource.java:146)
	at org.apache.cocoon.components.source.impl.SitemapSourceFactory.getSource(SitemapSourceFactory.java:65)
	at org.apache.cocoon.components.source.CocoonSourceResolver.resolveURI(CocoonSourceResolver.java:159)
	at org.apache.cocoon.components.source.CocoonSourceResolver.resolveURI(CocoonSourceResolver.java:189)
	at org.apache.forrest.locationmap.LocationMapModule.getLocationMap(LocationMapModule.java:95)
	at org.apache.forrest.locationmap.LocationMapModule.getAttribute(LocationMapModule.java:203)
	at org.apache.cocoon.components.treeprocessor.variables.PreparedVariableResolver.processModule(PreparedVariableResolver.java:246)
	at org.apache.cocoon.components.treeprocessor.variables.PreparedVariableResolver.resolve(PreparedVariableResolver.java:197)
	at org.apache.cocoon.components.treeprocessor.sitemap.SelectNode.invoke(SelectNode.java:77)
	at org.apache.cocoon.components.treeprocessor.AbstractParentProcessingNode.invokeNodes(AbstractParentProcessingNode.java:77)
	at org.apache.cocoon.components.treeprocessor.sitemap.PipelineNode.invoke(PipelineNode.java:155)
	at org.apache.cocoon.components.treeprocessor.AbstractParentProcessingNode.invokeNodes(AbstractParentProcessingNode.java:77)
	at org.apache.cocoon.components.treeprocessor.sitemap.PipelinesNode.invoke(PipelinesNode.java:95)
	at org.apache.cocoon.components.treeprocessor.ConcreteTreeProcessor.process(ConcreteTreeProcessor.java:292)
	at org.apache.cocoon.components.treeprocessor.ConcreteTreeProcessor.process(ConcreteTreeProcessor.java:223)
	at org.apache.cocoon.components.treeprocessor.TreeProcessor.process(TreeProcessor.java:289)
	at org.apache.cocoon.Cocoon.process(Cocoon.java:557)
	at org.apache.cocoon.bean.CocoonWrapper.getPage(CocoonWrapper.java:426)
	at org.apache.cocoon.bean.CocoonBean.processTarget(CocoonBean.java:496)
	at org.apache.cocoon.bean.CocoonBean.process(CocoonBean.java:357)
	at org.apache.cocoon.Main.main(Main.java:311)
ERROR   (2011-10-07) 06:24.07:383   [cocoon.manager] (Unknown-URI) Unknown-Thread/SelectNode: Ignoring locationmap config exception: Unable to build LocationMap.
org.apache.avalon.framework.configuration.ConfigurationException: Unable to build LocationMap.
	at org.apache.forrest.locationmap.lm.MountNode.loadConfiguration(MountNode.java:129)
	at org.apache.forrest.locationmap.lm.MountNode.getLocationMap(MountNode.java:87)
	at org.apache.forrest.locationmap.lm.MountNode.locate(MountNode.java:157)
	at org.apache.forrest.locationmap.lm.SelectNode.locate(SelectNode.java:110)
	at org.apache.forrest.locationmap.lm.LocatorNode.locate(LocatorNode.java:122)
	at org.apache.forrest.locationmap.lm.LocationMap.locate(LocationMap.java:276)
	at org.apache.forrest.locationmap.LocationMapModule.getAttribute(LocationMapModule.java:203)
	at org.apache.cocoon.components.treeprocessor.variables.PreparedVariableResolver.processModule(PreparedVariableResolver.java:246)
	at org.apache.cocoon.components.treeprocessor.variables.PreparedVariableResolver.resolve(PreparedVariableResolver.java:197)
	at org.apache.cocoon.components.treeprocessor.sitemap.SelectNode.invoke(SelectNode.java:77)
	at org.apache.cocoon.components.treeprocessor.AbstractParentProcessingNode.invokeNodes(AbstractParentProcessingNode.java:77)
	at org.apache.cocoon.components.treeprocessor.sitemap.PipelineNode.invoke(PipelineNode.java:155)
	at org.apache.cocoon.components.treeprocessor.AbstractParentProcessingNode.invokeNodes(AbstractParentProcessingNode.java:77)
	at org.apache.cocoon.components.treeprocessor.sitemap.PipelinesNode.invoke(PipelinesNode.java:95)
	at org.apache.cocoon.components.treeprocessor.ConcreteTreeProcessor.process(ConcreteTreeProcessor.java:292)
	at org.apache.cocoon.components.treeprocessor.ConcreteTreeProcessor.process(ConcreteTreeProcessor.java:223)
	at org.apache.cocoon.components.treeprocessor.TreeProcessor.process(TreeProcessor.java:289)
	at org.apache.cocoon.Cocoon.process(Cocoon.java:557)
	at org.apache.cocoon.bean.CocoonWrapper.getPage(CocoonWrapper.java:426)
	at org.apache.cocoon.bean.CocoonBean.processTarget(CocoonBean.java:496)
	at org.apache.cocoon.bean.CocoonBean.process(CocoonBean.java:357)
	at org.apache.cocoon.Main.main(Main.java:311)
Caused by: org.apache.excalibur.source.SourceNotFoundException: Exception during processing of cocoon://locationmap-project.xml
	at org.apache.cocoon.components.source.impl.SitemapSource.getInputStream(SitemapSource.java:207)
	at org.apache.forrest.locationmap.lm.MountNode.loadConfiguration(MountNode.java:125)
	... 21 more
Caused by: org.apache.cocoon.ResourceNotFoundException: Resource not found.
	at <map:serialize type="xml"> - file:/grid/0/dev/owen/tools/apache-forrest-0.8/main/webapp/./sitemap.xmap:364:36
	at <map:generate> - file:/grid/0/dev/owen/tools/apache-forrest-0.8/main/webapp/./sitemap.xmap:363:66
	at org.apache.cocoon.components.source.SourceUtil.handle(SourceUtil.java:377)
	at org.apache.cocoon.components.source.SourceUtil.getInputSource(SourceUtil.java:450)
	at org.apache.cocoon.components.source.SourceUtil.parse(SourceUtil.java:281)
	at org.apache.cocoon.generation.FileGenerator.generate(FileGenerator.java:118)
	at org.apache.cocoon.components.pipeline.AbstractProcessingPipeline.processXMLPipeline(AbstractProcessingPipeline.java:537)
	at org.apache.cocoon.components.pipeline.impl.AbstractCachingProcessingPipeline.processXMLPipeline(AbstractCachingProcessingPipeline.java:174)
	at org.apache.cocoon.components.pipeline.AbstractProcessingPipeline.process(AbstractProcessingPipeline.java:437)
	at org.apache.cocoon.components.source.impl.SitemapSource.getInputStream(SitemapSource.java:199)
	... 22 more
Caused by: org.apache.excalibur.source.SourceNotFoundException: file:/grid/0/dev/mfoley/hadoop-0.20-security-205/src/docs/cn/src/documentation/content/locationmap.xml doesn't exist.
	at org.apache.excalibur.source.impl.FileSource.getInputStream(FileSource.java:150)
	at org.apache.cocoon.components.source.SourceUtil.getInputSource(SourceUtil.java:445)
	... 28 more
Caused by: java.io.FileNotFoundException: /grid/0/dev/mfoley/hadoop-0.20-security-205/src/docs/cn/src/documentation/content/locationmap.xml (No such file or directory)
	at java.io.FileInputStream.open(Native Method)
	at java.io.FileInputStream.<init>(FileInputStream.java:106)
	at org.apache.excalibur.source.impl.FileSource.getInputStream(FileSource.java:146)
	... 29 more
WARN    (2011-10-07) 06:24.07:436   [cocoon.manager] (Unknown-URI) Unknown-Thread/CoreServiceManager: ComponentLocator exception from parent SM during lookup.
org.apache.avalon.framework.service.ServiceException: Component for key 'org.apache.cocoon.generation.Generator/<aggregator>' not found. (Key='Cocoon')
	at org.apache.cocoon.core.container.SingleComponentServiceManager.lookup(SingleComponentServiceManager.java:68)
	at org.apache.cocoon.core.container.CoreServiceManager.lookup(CoreServiceManager.java:355)
	at org.apache.cocoon.core.container.CoreServiceManager.lookup(CoreServiceManager.java:355)
	at org.apache.cocoon.components.pipeline.AbstractProcessingPipeline.setGenerator(AbstractProcessingPipeline.java:211)
	at org.apache.cocoon.components.pipeline.impl.AbstractCachingProcessingPipeline.setGenerator(AbstractCachingProcessingPipeline.java:134)
	at org.apache.cocoon.components.treeprocessor.sitemap.AggregateNode.invoke(AggregateNode.java:89)
	at org.apache.cocoon.components.treeprocessor.AbstractParentProcessingNode.invokeNodes(AbstractParentProcessingNode.java:55)
	at org.apache.cocoon.components.treeprocessor.sitemap.PreparableMatchNode.invoke(PreparableMatchNode.java:116)
	at org.apache.cocoon.components.treeprocessor.AbstractParentProcessingNode.invokeNodes(AbstractParentProcessingNode.java:77)
	at org.apache.cocoon.components.treeprocessor.sitemap.PipelineNode.invoke(PipelineNode.java:155)
	at org.apache.cocoon.components.treeprocessor.AbstractParentProcessingNode.invokeNodes(AbstractParentProcessingNode.java:77)
	at org.apache.cocoon.components.treeprocessor.sitemap.PipelinesNode.invoke(PipelinesNode.java:95)
	at org.apache.cocoon.components.treeprocessor.ConcreteTreeProcessor.process(ConcreteTreeProcessor.java:292)
	at org.apache.cocoon.components.treeprocessor.ConcreteTreeProcessor.process(ConcreteTreeProcessor.java:223)
	at org.apache.cocoon.components.treeprocessor.TreeProcessor.process(TreeProcessor.java:289)
	at org.apache.cocoon.Cocoon.process(Cocoon.java:557)
	at org.apache.cocoon.bean.CocoonWrapper.getPage(CocoonWrapper.java:426)
	at org.apache.cocoon.bean.CocoonBean.processTarget(CocoonBean.java:496)
	at org.apache.cocoon.bean.CocoonBean.process(CocoonBean.java:357)
	at org.apache.cocoon.Main.main(Main.java:311)
WARN    (2011-10-07) 06:24.07:480   [cocoon.manager] (Unknown-URI) Unknown-Thread/CoreServiceManager: ComponentLocator exception from parent SM during lookup.
org.apache.avalon.framework.service.ServiceException: Component for key 'org.apache.cocoon.transformation.Transformer/<gatherer>' not found. (Key='Cocoon')
	at org.apache.cocoon.core.container.SingleComponentServiceManager.lookup(SingleComponentServiceManager.java:68)
	at org.apache.cocoon.core.container.CoreServiceManager.lookup(CoreServiceManager.java:355)
	at org.apache.cocoon.core.container.CoreServiceManager.lookup(CoreServiceManager.java:355)
	at org.apache.cocoon.components.pipeline.AbstractProcessingPipeline.addTransformer(AbstractProcessingPipeline.java:242)
	at org.apache.cocoon.components.pipeline.impl.AbstractCachingProcessingPipeline.addTransformer(AbstractCachingProcessingPipeline.java:144)
	at org.apache.cocoon.components.treeprocessor.sitemap.SerializeNode.invoke(SerializeNode.java:107)
	at org.apache.cocoon.components.treeprocessor.AbstractParentProcessingNode.invokeNodes(AbstractParentProcessingNode.java:77)
	at org.apache.cocoon.components.treeprocessor.ContainerNode.invoke(ContainerNode.java:38)
	at org.apache.cocoon.components.treeprocessor.CategoryNode.invokeByName(CategoryNode.java:66)
	at org.apache.cocoon.components.treeprocessor.sitemap.CallNode.invoke(CallNode.java:83)
	at org.apache.cocoon.components.treeprocessor.AbstractParentProcessingNode.invokeNodes(AbstractParentProcessingNode.java:55)
	at org.apache.cocoon.components.treeprocessor.sitemap.PreparableMatchNode.invoke(PreparableMatchNode.java:116)
	at org.apache.cocoon.components.treeprocessor.AbstractParentProcessingNode.invokeNodes(AbstractParentProcessingNode.java:77)
	at org.apache.cocoon.components.treeprocessor.sitemap.PipelineNode.invoke(PipelineNode.java:155)
	at org.apache.cocoon.components.treeprocessor.AbstractParentProcessingNode.invokeNodes(AbstractParentProcessingNode.java:77)
	at org.apache.cocoon.components.treeprocessor.sitemap.PipelinesNode.invoke(PipelinesNode.java:95)
	at org.apache.cocoon.components.treeprocessor.ConcreteTreeProcessor.process(ConcreteTreeProcessor.java:292)
	at org.apache.cocoon.components.treeprocessor.ConcreteTreeProcessor.process(ConcreteTreeProcessor.java:223)
	at org.apache.cocoon.components.treeprocessor.TreeProcessor.process(TreeProcessor.java:289)
	at org.apache.cocoon.Cocoon.process(Cocoon.java:557)
	at org.apache.cocoon.bean.CocoonWrapper.getPage(CocoonWrapper.java:426)
	at org.apache.cocoon.bean.CocoonBean.processTarget(CocoonBean.java:496)
	at org.apache.cocoon.bean.CocoonBean.process(CocoonBean.java:357)
	at org.apache.cocoon.Main.main(Main.java:311)
WARN    (2011-10-07) 06:24.10:148   [cocoon.manager] (Unknown-URI) Unknown-Thread/FOPSerializer: Attribute src of user-config element is deprecated. Provide Cocoon URI as value of the element instead
WARN    (2011-10-07) 06:24.10:544   [cocoon.manager] (Unknown-URI) Unknown-Thread/TraxErrorListener: file:/grid/0/dev/mfoley/hadoop-0.20-security-205/src/docs/cn/src/documentation/skins/pelt/xslt/fo/../../../common/xslt/fo/document-to-fo.xsl:148:19
ERROR   (2011-10-07) 06:24.11:546   [cocoon.manager.fop] (Unknown-URI) Unknown-Thread/MessageHandler: TrueType warning: Can't find cvt table
ERROR   (2011-10-07) 06:24.11:547   [cocoon.manager.fop] (Unknown-URI) Unknown-Thread/MessageHandler: TrueType warning: Can't find prep table
WARN    (2011-10-07) 06:24.12:131   [cocoon.manager] (Unknown-URI) Unknown-Thread/TraxErrorListener: file:/grid/0/dev/mfoley/hadoop-0.20-security-205/src/docs/cn/src/documentation/skins/pelt/xslt/fo/../../../common/xslt/fo/document-to-fo.xsl:148:19
ERROR   (2011-10-07) 06:24.12:159   [cocoon.manager.fop] (Unknown-URI) Unknown-Thread/MessageHandler: property 'fonts-family' ignored
ERROR   (2011-10-07) 06:24.12:161   [cocoon.manager.fop] (Unknown-URI) Unknown-Thread/MessageHandler: property 'fonts-family' ignored
ERROR   (2011-10-07) 06:24.12:161   [cocoon.manager.fop] (Unknown-URI) Unknown-Thread/MessageHandler: property 'fonts-family' ignored
ERROR   (2011-10-07) 06:24.12:162   [cocoon.manager.fop] (Unknown-URI) Unknown-Thread/MessageHandler: property 'fonts-family' ignored
ERROR   (2011-10-07) 06:24.12:162   [cocoon.manager.fop] (Unknown-URI) Unknown-Thread/MessageHandler: property 'fonts-family' ignored
ERROR   (2011-10-07) 06:24.12:163   [cocoon.manager.fop] (Unknown-URI) Unknown-Thread/MessageHandler: property 'fonts-family' ignored
ERROR   (2011-10-07) 06:24.12:163   [cocoon.manager.fop] (Unknown-URI) Unknown-Thread/MessageHandler: property 'fonts-family' ignored
ERROR   (2011-10-07) 06:24.12:164   [cocoon.manager.fop] (Unknown-URI) Unknown-Thread/MessageHandler: property 'fonts-family' ignored
ERROR   (2011-10-07) 06:24.12:178   [cocoon.manager.fop] (Unknown-URI) Unknown-Thread/MessageHandler: property 'fonts-family' ignored
ERROR   (2011-10-07) 06:24.12:179   [cocoon.manager.fop] (Unknown-URI) Unknown-Thread/MessageHandler: property 'fonts-family' ignored
ERROR   (2011-10-07) 06:24.12:179   [cocoon.manager.fop] (Unknown-URI) Unknown-Thread/MessageHandler: property 'fonts-family' ignored
ERROR   (2011-10-07) 06:24.12:179   [cocoon.manager.fop] (Unknown-URI) Unknown-Thread/MessageHandler: property 'fonts-family' ignored
ERROR   (2011-10-07) 06:24.12:180   [cocoon.manager.fop] (Unknown-URI) Unknown-Thread/MessageHandler: property 'fonts-family' ignored
ERROR   (2011-10-07) 06:24.12:180   [cocoon.manager.fop] (Unknown-URI) Unknown-Thread/MessageHandler: property 'fonts-family' ignored
ERROR   (2011-10-07) 06:24.12:214   [cocoon.manager.fop] (Unknown-URI) Unknown-Thread/MessageHandler: property 'fonts-family' ignored
ERROR   (2011-10-07) 06:24.12:215   [cocoon.manager.fop] (Unknown-URI) Unknown-Thread/MessageHandler: property 'fonts-family' ignored
ERROR   (2011-10-07) 06:24.12:215   [cocoon.manager.fop] (Unknown-URI) Unknown-Thread/MessageHandler: property 'fonts-family' ignored
ERROR   (2011-10-07) 06:24.12:216   [cocoon.manager.fop] (Unknown-URI) Unknown-Thread/MessageHandler: property 'fonts-family' ignored
ERROR   (2011-10-07) 06:24.12:216   [cocoon.manager.fop] (Unknown-URI) Unknown-Thread/MessageHandler: property 'fonts-family' ignored
ERROR   (2011-10-07) 06:24.12:219   [cocoon.manager.fop] (Unknown-URI) Unknown-Thread/MessageHandler: property 'fonts-family' ignored
ERROR   (2011-10-07) 06:24.12:219   [cocoon.manager.fop] (Unknown-URI) Unknown-Thread/MessageHandler: property 'fonts-family' ignored
ERROR   (2011-10-07) 06:24.12:220   [cocoon.manager.fop] (Unknown-URI) Unknown-Thread/MessageHandler: property 'fonts-family' ignored
ERROR   (2011-10-07) 06:24.12:221   [cocoon.manager.fop] (Unknown-URI) Unknown-Thread/MessageHandler: property 'fonts-family' ignored
ERROR   (2011-10-07) 06:24.12:221   [cocoon.manager.fop] (Unknown-URI) Unknown-Thread/MessageHandler: property 'fonts-family' ignored
ERROR   (2011-10-07) 06:24.12:222   [cocoon.manager.fop] (Unknown-URI) Unknown-Thread/MessageHandler: property 'fonts-family' ignored
ERROR   (2011-10-07) 06:24.12:222   [cocoon.manager.fop] (Unknown-URI) Unknown-Thread/MessageHandler: property 'fonts-family' ignored
ERROR   (2011-10-07) 06:24.12:223   [cocoon.manager.fop] (Unknown-URI) Unknown-Thread/MessageHandler: property 'fonts-family' ignored
ERROR   (2011-10-07) 06:24.12:224   [cocoon.manager.fop] (Unknown-URI) Unknown-Thread/MessageHandler: property 'fonts-family' ignored
ERROR   (2011-10-07) 06:24.12:224   [cocoon.manager.fop] (Unknown-URI) Unknown-Thread/MessageHandler: property 'fonts-family' ignored
ERROR   (2011-10-07) 06:24.12:225   [cocoon.manager.fop] (Unknown-URI) Unknown-Thread/MessageHandler: property 'fonts-family' ignored
ERROR   (2011-10-07) 06:24.12:226   [cocoon.manager.fop] (Unknown-URI) Unknown-Thread/MessageHandler: property 'fonts-family' ignored
ERROR   (2011-10-07) 06:24.12:226   [cocoon.manager.fop] (Unknown-URI) Unknown-Thread/MessageHandler: property 'fonts-family' ignored
ERROR   (2011-10-07) 06:24.12:227   [cocoon.manager.fop] (Unknown-URI) Unknown-Thread/MessageHandler: property 'fonts-family' ignored
ERROR   (2011-10-07) 06:24.12:227   [cocoon.manager.fop] (Unknown-URI) Unknown-Thread/MessageHandler: property 'fonts-family' ignored
WARN    (2011-10-07) 06:24.12:787   [cocoon.manager.fop] (Unknown-URI) Unknown-Thread/Table: table-layout=auto is not supported, using fixed!
ERROR   (2011-10-07) 06:24.13:390   [cocoon.manager.fop] (Unknown-URI) Unknown-Thread/MessageHandler: TrueType warning: Can't find cvt table
ERROR   (2011-10-07) 06:24.13:390   [cocoon.manager.fop] (Unknown-URI) Unknown-Thread/MessageHandler: TrueType warning: Can't find prep table
WARN    (2011-10-07) 06:24.14:773   [cocoon.manager] (Unknown-URI) Unknown-Thread/TextSerializer: Encountered text before root element. Creating <text> wrapper element.
WARN    (2011-10-07) 06:24.14:890   [cocoon.manager] (Unknown-URI) Unknown-Thread/TraxErrorListener: file:/grid/0/dev/mfoley/hadoop-0.20-security-205/src/docs/cn/src/documentation/skins/pelt/xslt/fo/../../../common/xslt/fo/document-to-fo.xsl:148:19
ERROR   (2011-10-07) 06:24.15:450   [cocoon.manager.fop] (Unknown-URI) Unknown-Thread/MessageHandler: property 'fonts-family' ignored
ERROR   (2011-10-07) 06:24.15:451   [cocoon.manager.fop] (Unknown-URI) Unknown-Thread/MessageHandler: property 'fonts-family' ignored
ERROR   (2011-10-07) 06:24.15:452   [cocoon.manager.fop] (Unknown-URI) Unknown-Thread/MessageHandler: property 'fonts-family' ignored
ERROR   (2011-10-07) 06:24.15:453   [cocoon.manager.fop] (Unknown-URI) Unknown-Thread/MessageHandler: property 'fonts-family' ignored
ERROR   (2011-10-07) 06:24.15:453   [cocoon.manager.fop] (Unknown-URI) Unknown-Thread/MessageHandler: property 'fonts-family' ignored
ERROR   (2011-10-07) 06:24.15:453   [cocoon.manager.fop] (Unknown-URI) Unknown-Thread/MessageHandler: property 'fonts-family' ignored
ERROR   (2011-10-07) 06:24.15:454   [cocoon.manager.fop] (Unknown-URI) Unknown-Thread/MessageHandler: property 'fonts-family' ignored
ERROR   (2011-10-07) 06:24.15:454   [cocoon.manager.fop] (Unknown-URI) Unknown-Thread/MessageHandler: property 'fonts-family' ignored
ERROR   (2011-10-07) 06:24.15:454   [cocoon.manager.fop] (Unknown-URI) Unknown-Thread/MessageHandler: property 'fonts-family' ignored
ERROR   (2011-10-07) 06:24.15:454   [cocoon.manager.fop] (Unknown-URI) Unknown-Thread/MessageHandler: property 'fonts-family' ignored
ERROR   (2011-10-07) 06:24.15:456   [cocoon.manager.fop] (Unknown-URI) Unknown-Thread/MessageHandler: property 'fonts-family' ignored
ERROR   (2011-10-07) 06:24.15:456   [cocoon.manager.fop] (Unknown-URI) Unknown-Thread/MessageHandler: property 'fonts-family' ignored
ERROR   (2011-10-07) 06:24.15:456   [cocoon.manager.fop] (Unknown-URI) Unknown-Thread/MessageHandler: property 'fonts-family' ignored
ERROR   (2011-10-07) 06:24.15:457   [cocoon.manager.fop] (Unknown-URI) Unknown-Thread/MessageHandler: property 'fonts-family' ignored
ERROR   (2011-10-07) 06:24.15:457   [cocoon.manager.fop] (Unknown-URI) Unknown-Thread/MessageHandler: property 'fonts-family' ignored
ERROR   (2011-10-07) 06:24.15:457   [cocoon.manager.fop] (Unknown-URI) Unknown-Thread/MessageHandler: property 'fonts-family' ignored
ERROR   (2011-10-07) 06:24.15:460   [cocoon.manager.fop] (Unknown-URI) Unknown-Thread/MessageHandler: property 'fonts-family' ignored
ERROR   (2011-10-07) 06:24.15:467   [cocoon.manager.fop] (Unknown-URI) Unknown-Thread/MessageHandler: property 'fonts-family' ignored
ERROR   (2011-10-07) 06:24.15:467   [cocoon.manager.fop] (Unknown-URI) Unknown-Thread/MessageHandler: property 'fonts-family' ignored
ERROR   (2011-10-07) 06:24.15:467   [cocoon.manager.fop] (Unknown-URI) Unknown-Thread/MessageHandler: property 'fonts-family' ignored
ERROR   (2011-10-07) 06:24.15:468   [cocoon.manager.fop] (Unknown-URI) Unknown-Thread/MessageHandler: property 'fonts-family' ignored
ERROR   (2011-10-07) 06:24.15:468   [cocoon.manager.fop] (Unknown-URI) Unknown-Thread/MessageHandler: property 'fonts-family' ignored
ERROR   (2011-10-07) 06:24.15:468   [cocoon.manager.fop] (Unknown-URI) Unknown-Thread/MessageHandler: property 'fonts-family' ignored
ERROR   (2011-10-07) 06:24.15:469   [cocoon.manager.fop] (Unknown-URI) Unknown-Thread/MessageHandler: property 'fonts-family' ignored
ERROR   (2011-10-07) 06:24.15:469   [cocoon.manager.fop] (Unknown-URI) Unknown-Thread/MessageHandler: property 'fonts-family' ignored
ERROR   (2011-10-07) 06:24.15:469   [cocoon.manager.fop] (Unknown-URI) Unknown-Thread/MessageHandler: property 'fonts-family' ignored
ERROR   (2011-10-07) 06:24.15:470   [cocoon.manager.fop] (Unknown-URI) Unknown-Thread/MessageHandler: property 'fonts-family' ignored
ERROR   (2011-10-07) 06:24.15:471   [cocoon.manager.fop] (Unknown-URI) Unknown-Thread/MessageHandler: property 'fonts-family' ignored
ERROR   (2011-10-07) 06:24.15:471   [cocoon.manager.fop] (Unknown-URI) Unknown-Thread/MessageHandler: property 'fonts-family' ignored
ERROR   (2011-10-07) 06:24.15:471   [cocoon.manager.fop] (Unknown-URI) Unknown-Thread/MessageHandler: property 'fonts-family' ignored
ERROR   (2011-10-07) 06:24.15:472   [cocoon.manager.fop] (Unknown-URI) Unknown-Thread/MessageHandler: property 'fonts-family' ignored
ERROR   (2011-10-07) 06:24.15:472   [cocoon.manager.fop] (Unknown-URI) Unknown-Thread/MessageHandler: property 'fonts-family' ignored
ERROR   (2011-10-07) 06:24.15:472   [cocoon.manager.fop] (Unknown-URI) Unknown-Thread/MessageHandler: property 'fonts-family' ignored
ERROR   (2011-10-07) 06:24.15:473   [cocoon.manager.fop] (Unknown-URI) Unknown-Thread/MessageHandler: property 'fonts-family' ignored
ERROR   (2011-10-07) 06:24.15:473   [cocoon.manager.fop] (Unknown-URI) Unknown-Thread/MessageHandler: property 'fonts-family' ignored
ERROR   (2011-10-07) 06:24.15:474   [cocoon.manager.fop] (Unknown-URI) Unknown-Thread/MessageHandler: property 'fonts-family' ignored
ERROR   (2011-10-07) 06:24.15:474   [cocoon.manager.fop] (Unknown-URI) Unknown-Thread/MessageHandler: property 'fonts-family' ignored
ERROR   (2011-10-07) 06:24.15:474   [cocoon.manager.fop] (Unknown-URI) Unknown-Thread/MessageHandler: property 'fonts-family' ignored
ERROR   (2011-10-07) 06:24.15:475   [cocoon.manager.fop] (Unknown-URI) Unknown-Thread/MessageHandler: property 'fonts-family' ignored
ERROR   (2011-10-07) 06:24.15:475   [cocoon.manager.fop] (Unknown-URI) Unknown-Thread/MessageHandler: property 'fonts-family' ignored
ERROR   (2011-10-07) 06:24.15:475   [cocoon.manager.fop] (Unknown-URI) Unknown-Thread/MessageHandler: property 'fonts-family' ignored
ERROR   (2011-10-07) 06:24.15:650   [cocoon.manager.fop] (Unknown-URI) Unknown-Thread/MessageHandler: property 'fonts-family' ignored
ERROR   (2011-10-07) 06:24.15:651   [cocoon.manager.fop] (Unknown-URI) Unknown-Thread/MessageHandler: property 'fonts-family' ignored
ERROR   (2011-10-07) 06:24.15:651   [cocoon.manager.fop] (Unknown-URI) Unknown-Thread/MessageHandler: property 'fonts-family' ignored
ERROR   (2011-10-07) 06:24.15:651   [cocoon.manager.fop] (Unknown-URI) Unknown-Thread/MessageHandler: property 'fonts-family' ignored
ERROR   (2011-10-07) 06:24.15:651   [cocoon.manager.fop] (Unknown-URI) Unknown-Thread/MessageHandler: property 'fonts-family' ignored
ERROR   (2011-10-07) 06:24.15:652   [cocoon.manager.fop] (Unknown-URI) Unknown-Thread/MessageHandler: property 'fonts-family' ignored
ERROR   (2011-10-07) 06:24.15:804   [cocoon.manager.fop] (Unknown-URI) Unknown-Thread/MessageHandler: Error in space-after property value '6pt"': org.apache.fop.fo.expr.PropertyException: missing quote
ERROR   (2011-10-07) 06:24.15:805   [cocoon.manager.fop] (Unknown-URI) Unknown-Thread/MessageHandler: property 'fonts-family' ignored
ERROR   (2011-10-07) 06:24.15:805   [cocoon.manager.fop] (Unknown-URI) Unknown-Thread/MessageHandler: property 'fonts-family' ignored
ERROR   (2011-10-07) 06:24.15:805   [cocoon.manager.fop] (Unknown-URI) Unknown-Thread/MessageHandler: property 'fonts-family' ignored
ERROR   (2011-10-07) 06:24.15:806   [cocoon.manager.fop] (Unknown-URI) Unknown-Thread/MessageHandler: property 'fonts-family' ignored
ERROR   (2011-10-07) 06:24.15:806   [cocoon.manager.fop] (Unknown-URI) Unknown-Thread/MessageHandler: property 'fonts-family' ignored
ERROR   (2011-10-07) 06:24.15:830   [cocoon.manager.fop] (Unknown-URI) Unknown-Thread/MessageHandler: Error in space-after property value '6pt"': org.apache.fop.fo.expr.PropertyException: missing quote
ERROR   (2011-10-07) 06:24.15:860   [cocoon.manager.fop] (Unknown-URI) Unknown-Thread/MessageHandler: Error in space-after property value '6pt"': org.apache.fop.fo.expr.PropertyException: missing quote
ERROR   (2011-10-07) 06:24.15:925   [cocoon.manager.fop] (Unknown-URI) Unknown-Thread/MessageHandler: property 'fonts-family' ignored
ERROR   (2011-10-07) 06:24.15:925   [cocoon.manager.fop] (Unknown-URI) Unknown-Thread/MessageHandler: property 'fonts-family' ignored
ERROR   (2011-10-07) 06:24.15:925   [cocoon.manager.fop] (Unknown-URI) Unknown-Thread/MessageHandler: property 'fonts-family' ignored
ERROR   (2011-10-07) 06:24.15:926   [cocoon.manager.fop] (Unknown-URI) Unknown-Thread/MessageHandler: property 'fonts-family' ignored
ERROR   (2011-10-07) 06:24.15:933   [cocoon.manager.fop] (Unknown-URI) Unknown-Thread/MessageHandler: property 'fonts-family' ignored
ERROR   (2011-10-07) 06:24.15:934   [cocoon.manager.fop] (Unknown-URI) Unknown-Thread/MessageHandler: property 'fonts-family' ignored
ERROR   (2011-10-07) 06:24.15:967   [cocoon.manager.fop] (Unknown-URI) Unknown-Thread/MessageHandler: property 'fonts-family' ignored
ERROR   (2011-10-07) 06:24.15:967   [cocoon.manager.fop] (Unknown-URI) Unknown-Thread/MessageHandler: property 'fonts-family' ignored
ERROR   (2011-10-07) 06:24.16:908   [cocoon.manager.fop] (Unknown-URI) Unknown-Thread/MessageHandler: property 'fonts-family' ignored
ERROR   (2011-10-07) 06:24.16:908   [cocoon.manager.fop] (Unknown-URI) Unknown-Thread/MessageHandler: property 'fonts-family' ignored
ERROR   (2011-10-07) 06:24.16:908   [cocoon.manager.fop] (Unknown-URI) Unknown-Thread/MessageHandler: property 'fonts-family' ignored
ERROR   (2011-10-07) 06:24.16:909   [cocoon.manager.fop] (Unknown-URI) Unknown-Thread/MessageHandler: property 'fonts-family' ignored
ERROR   (2011-10-07) 06:24.16:909   [cocoon.manager.fop] (Unknown-URI) Unknown-Thread/MessageHandler: property 'fonts-family' ignored
ERROR   (2011-10-07) 06:24.16:909   [cocoon.manager.fop] (Unknown-URI) Unknown-Thread/MessageHandler: property 'fonts-family' ignored
ERROR   (2011-10-07) 06:24.16:909   [cocoon.manager.fop] (Unknown-URI) Unknown-Thread/MessageHandler: property 'fonts-family' ignored
ERROR   (2011-10-07) 06:24.16:910   [cocoon.manager.fop] (Unknown-URI) Unknown-Thread/MessageHandler: property 'fonts-family' ignored
ERROR   (2011-10-07) 06:24.16:910   [cocoon.manager.fop] (Unknown-URI) Unknown-Thread/MessageHandler: property 'fonts-family' ignored
ERROR   (2011-10-07) 06:24.16:911   [cocoon.manager.fop] (Unknown-URI) Unknown-Thread/MessageHandler: property 'fonts-family' ignored
ERROR   (2011-10-07) 06:24.16:911   [cocoon.manager.fop] (Unknown-URI) Unknown-Thread/MessageHandler: property 'fonts-family' ignored
ERROR   (2011-10-07) 06:24.16:911   [cocoon.manager.fop] (Unknown-URI) Unknown-Thread/MessageHandler: property 'fonts-family' ignored
ERROR   (2011-10-07) 06:24.16:911   [cocoon.manager.fop] (Unknown-URI) Unknown-Thread/MessageHandler: property 'fonts-family' ignored
ERROR   (2011-10-07) 06:24.16:912   [cocoon.manager.fop] (Unknown-URI) Unknown-Thread/MessageHandler: property 'fonts-family' ignored
ERROR   (2011-10-07) 06:24.16:912   [cocoon.manager.fop] (Unknown-URI) Unknown-Thread/MessageHandler: property 'fonts-family' ignored
ERROR   (2011-10-07) 06:24.16:912   [cocoon.manager.fop] (Unknown-URI) Unknown-Thread/MessageHandler: property 'fonts-family' ignored
ERROR   (2011-10-07) 06:24.16:912   [cocoon.manager.fop] (Unknown-URI) Unknown-Thread/MessageHandler: property 'fonts-family' ignored
ERROR   (2011-10-07) 06:24.16:913   [cocoon.manager.fop] (Unknown-URI) Unknown-Thread/MessageHandler: property 'fonts-family' ignored
ERROR   (2011-10-07) 06:24.16:913   [cocoon.manager.fop] (Unknown-URI) Unknown-Thread/MessageHandler: property 'fonts-family' ignored
ERROR   (2011-10-07) 06:24.16:914   [cocoon.manager.fop] (Unknown-URI) Unknown-Thread/MessageHandler: property 'fonts-family' ignored
ERROR   (2011-10-07) 06:24.16:914   [cocoon.manager.fop] (Unknown-URI) Unknown-Thread/MessageHandler: property 'fonts-family' ignored
ERROR   (2011-10-07) 06:24.16:914   [cocoon.manager.fop] (Unknown-URI) Unknown-Thread/MessageHandler: property 'fonts-family' ignored
ERROR   (2011-10-07) 06:24.16:915   [cocoon.manager.fop] (Unknown-URI) Unknown-Thread/MessageHandler: property 'fonts-family' ignored
ERROR   (2011-10-07) 06:24.16:915   [cocoon.manager.fop] (Unknown-URI) Unknown-Thread/MessageHandler: property 'fonts-family' ignored
ERROR   (2011-10-07) 06:24.16:915   [cocoon.manager.fop] (Unknown-URI) Unknown-Thread/MessageHandler: property 'fonts-family' ignored
ERROR   (2011-10-07) 06:24.16:916   [cocoon.manager.fop] (Unknown-URI) Unknown-Thread/MessageHandler: property 'fonts-family' ignored
ERROR   (2011-10-07) 06:24.16:916   [cocoon.manager.fop] (Unknown-URI) Unknown-Thread/MessageHandler: property 'fonts-family' ignored
ERROR   (2011-10-07) 06:24.16:916   [cocoon.manager.fop] (Unknown-URI) Unknown-Thread/MessageHandler: property 'fonts-family' ignored
ERROR   (2011-10-07) 06:24.16:916   [cocoon.manager.fop] (Unknown-URI) Unknown-Thread/MessageHandler: property 'fonts-family' ignored
ERROR   (2011-10-07) 06:24.16:917   [cocoon.manager.fop] (Unknown-URI) Unknown-Thread/MessageHandler: property 'fonts-family' ignored
ERROR   (2011-10-07) 06:24.16:917   [cocoon.manager.fop] (Unknown-URI) Unknown-Thread/MessageHandler: property 'fonts-family' ignored
ERROR   (2011-10-07) 06:24.16:917   [cocoon.manager.fop] (Unknown-URI) Unknown-Thread/MessageHandler: property 'fonts-family' ignored
ERROR   (2011-10-07) 06:24.16:918   [cocoon.manager.fop] (Unknown-URI) Unknown-Thread/MessageHandler: property 'fonts-family' ignored
ERROR   (2011-10-07) 06:24.16:918   [cocoon.manager.fop] (Unknown-URI) Unknown-Thread/MessageHandler: property 'fonts-family' ignored
ERROR   (2011-10-07) 06:24.16:918   [cocoon.manager.fop] (Unknown-URI) Unknown-Thread/MessageHandler: property 'fonts-family' ignored
WARN    (2011-10-07) 06:24.16:996   [cocoon.manager.fop] (Unknown-URI) Unknown-Thread/Table: table-layout=auto is not supported, using fixed!
WARN    (2011-10-07) 06:24.17:141   [cocoon.manager.fop] (Unknown-URI) Unknown-Thread/Table: table-layout=auto is not supported, using fixed!
WARN    (2011-10-07) 06:24.17:255   [cocoon.manager.fop] (Unknown-URI) Unknown-Thread/Table: table-layout=auto is not supported, using fixed!
ERROR   (2011-10-07) 06:24.17:739   [cocoon.manager.fop] (Unknown-URI) Unknown-Thread/MessageHandler: TrueType warning: Can't find cvt table
ERROR   (2011-10-07) 06:24.17:740   [cocoon.manager.fop] (Unknown-URI) Unknown-Thread/MessageHandler: TrueType warning: Can't find prep table
WARN    (2011-10-07) 06:24.18:498   [cocoon.manager] (Unknown-URI) Unknown-Thread/TraxErrorListener: file:/grid/0/dev/mfoley/hadoop-0.20-security-205/src/docs/cn/src/documentation/skins/pelt/xslt/fo/../../../common/xslt/fo/document-to-fo.xsl:148:19
ERROR   (2011-10-07) 06:24.18:793   [cocoon.manager.fop] (Unknown-URI) Unknown-Thread/MessageHandler: TrueType warning: Can't find cvt table
ERROR   (2011-10-07) 06:24.18:794   [cocoon.manager.fop] (Unknown-URI) Unknown-Thread/MessageHandler: TrueType warning: Can't find prep table
WARN    (2011-10-07) 06:24.19:035   [cocoon.manager] (Unknown-URI) Unknown-Thread/TraxErrorListener: file:/grid/0/dev/mfoley/hadoop-0.20-security-205/src/docs/cn/src/documentation/skins/pelt/xslt/fo/../../../common/xslt/fo/document-to-fo.xsl:148:19
ERROR   (2011-10-07) 06:24.19:041   [cocoon.manager.fop] (Unknown-URI) Unknown-Thread/MessageHandler: property 'fonts-family' ignored
ERROR   (2011-10-07) 06:24.19:041   [cocoon.manager.fop] (Unknown-URI) Unknown-Thread/MessageHandler: property 'fonts-family' ignored
ERROR   (2011-10-07) 06:24.19:042   [cocoon.manager.fop] (Unknown-URI) Unknown-Thread/MessageHandler: property 'fonts-family' ignored
ERROR   (2011-10-07) 06:24.19:206   [cocoon.manager.fop] (Unknown-URI) Unknown-Thread/MessageHandler: TrueType warning: Can't find cvt table
ERROR   (2011-10-07) 06:24.19:207   [cocoon.manager.fop] (Unknown-URI) Unknown-Thread/MessageHandler: TrueType warning: Can't find prep table
WARN    (2011-10-07) 06:24.19:422   [cocoon.manager] (Unknown-URI) Unknown-Thread/TraxErrorListener: file:/grid/0/dev/mfoley/hadoop-0.20-security-205/src/docs/cn/src/documentation/skins/pelt/xslt/fo/../../../common/xslt/fo/document-to-fo.xsl:148:19
ERROR   (2011-10-07) 06:24.19:439   [cocoon.manager.fop] (Unknown-URI) Unknown-Thread/MessageHandler: Error in space-after property value '6pt"': org.apache.fop.fo.expr.PropertyException: missing quote
ERROR   (2011-10-07) 06:24.19:440   [cocoon.manager.fop] (Unknown-URI) Unknown-Thread/MessageHandler: Error in space-after property value '6pt"': org.apache.fop.fo.expr.PropertyException: missing quote
ERROR   (2011-10-07) 06:24.19:442   [cocoon.manager.fop] (Unknown-URI) Unknown-Thread/MessageHandler: property 'fonts-family' ignored
ERROR   (2011-10-07) 06:24.19:445   [cocoon.manager.fop] (Unknown-URI) Unknown-Thread/MessageHandler: property 'fonts-family' ignored
ERROR   (2011-10-07) 06:24.19:445   [cocoon.manager.fop] (Unknown-URI) Unknown-Thread/MessageHandler: property 'fonts-family' ignored
ERROR   (2011-10-07) 06:24.19:447   [cocoon.manager.fop] (Unknown-URI) Unknown-Thread/MessageHandler: property 'fonts-family' ignored
ERROR   (2011-10-07) 06:24.19:447   [cocoon.manager.fop] (Unknown-URI) Unknown-Thread/MessageHandler: property 'fonts-family' ignored
ERROR   (2011-10-07) 06:24.19:448   [cocoon.manager.fop] (Unknown-URI) Unknown-Thread/MessageHandler: property 'fonts-family' ignored
ERROR   (2011-10-07) 06:24.19:448   [cocoon.manager.fop] (Unknown-URI) Unknown-Thread/MessageHandler: property 'fonts-family' ignored
ERROR   (2011-10-07) 06:24.19:462   [cocoon.manager.fop] (Unknown-URI) Unknown-Thread/MessageHandler: property 'fonts-family' ignored
ERROR   (2011-10-07) 06:24.19:462   [cocoon.manager.fop] (Unknown-URI) Unknown-Thread/MessageHandler: property 'fonts-family' ignored
ERROR   (2011-10-07) 06:24.19:463   [cocoon.manager.fop] (Unknown-URI) Unknown-Thread/MessageHandler: property 'fonts-family' ignored
ERROR   (2011-10-07) 06:24.19:464   [cocoon.manager.fop] (Unknown-URI) Unknown-Thread/MessageHandler: property 'fonts-family' ignored
ERROR   (2011-10-07) 06:24.19:464   [cocoon.manager.fop] (Unknown-URI) Unknown-Thread/MessageHandler: property 'fonts-family' ignored
ERROR   (2011-10-07) 06:24.19:466   [cocoon.manager.fop] (Unknown-URI) Unknown-Thread/MessageHandler: property 'fonts-family' ignored
ERROR   (2011-10-07) 06:24.19:466   [cocoon.manager.fop] (Unknown-URI) Unknown-Thread/MessageHandler: property 'fonts-family' ignored
ERROR   (2011-10-07) 06:24.19:467   [cocoon.manager.fop] (Unknown-URI) Unknown-Thread/MessageHandler: property 'fonts-family' ignored
ERROR   (2011-10-07) 06:24.19:467   [cocoon.manager.fop] (Unknown-URI) Unknown-Thread/MessageHandler: property 'fonts-family' ignored
ERROR   (2011-10-07) 06:24.19:478   [cocoon.manager.fop] (Unknown-URI) Unknown-Thread/MessageHandler: property 'fonts-family' ignored
ERROR   (2011-10-07) 06:24.19:478   [cocoon.manager.fop] (Unknown-URI) Unknown-Thread/MessageHandler: property 'fonts-family' ignored
WARN    (2011-10-07) 06:24.19:535   [cocoon.manager.fop] (Unknown-URI) Unknown-Thread/Table: table-layout=auto is not supported, using fixed!
ERROR   (2011-10-07) 06:24.19:728   [cocoon.manager.fop] (Unknown-URI) Unknown-Thread/MessageHandler: TrueType warning: Can't find cvt table
ERROR   (2011-10-07) 06:24.19:729   [cocoon.manager.fop] (Unknown-URI) Unknown-Thread/MessageHandler: TrueType warning: Can't find prep table
WARN    (2011-10-07) 06:24.20:077   [cocoon.manager] (Unknown-URI) Unknown-Thread/SVGBuilder: setDocumentLocator was not called, will use http://localhost/ as base URI
WARN    (2011-10-07) 06:24.20:406   [cocoon.manager] (Unknown-URI) Unknown-Thread/SVGBuilder: setDocumentLocator was not called, will use http://localhost/ as base URI
WARN    (2011-10-07) 06:24.20:417   [cocoon.manager] (Unknown-URI) Unknown-Thread/SVGBuilder: setDocumentLocator was not called, will use http://localhost/ as base URI
WARN    (2011-10-07) 06:24.20:428   [cocoon.manager] (Unknown-URI) Unknown-Thread/SVGBuilder: setDocumentLocator was not called, will use http://localhost/ as base URI
WARN    (2011-10-07) 06:24.20:439   [cocoon.manager] (Unknown-URI) Unknown-Thread/SVGBuilder: setDocumentLocator was not called, will use http://localhost/ as base URI
WARN    (2011-10-07) 06:24.20:450   [cocoon.manager] (Unknown-URI) Unknown-Thread/SVGBuilder: setDocumentLocator was not called, will use http://localhost/ as base URI
WARN    (2011-10-07) 06:24.20:612   [cocoon.manager] (Unknown-URI) Unknown-Thread/SVGBuilder: setDocumentLocator was not called, will use http://localhost/ as base URI
WARN    (2011-10-07) 06:24.20:776   [cocoon.manager] (Unknown-URI) Unknown-Thread/TraxErrorListener: file:/grid/0/dev/mfoley/hadoop-0.20-security-205/src/docs/cn/src/documentation/skins/pelt/xslt/fo/../../../common/xslt/fo/document-to-fo.xsl:148:19
WARN    (2011-10-07) 06:24.21:002   [cocoon.manager.fop] (Unknown-URI) Unknown-Thread/Table: table-layout=auto is not supported, using fixed!
WARN    (2011-10-07) 06:24.21:007   [cocoon.manager.fop] (Unknown-URI) Unknown-Thread/Table: table-layout=auto is not supported, using fixed!
ERROR   (2011-10-07) 06:24.22:372   [cocoon.manager.fop] (Unknown-URI) Unknown-Thread/MessageHandler: TrueType warning: Can't find cvt table
ERROR   (2011-10-07) 06:24.22:372   [cocoon.manager.fop] (Unknown-URI) Unknown-Thread/MessageHandler: TrueType warning: Can't find prep table
WARN    (2011-10-07) 06:24.22:447   [cocoon.manager] (Unknown-URI) Unknown-Thread/TraxErrorListener: file:/grid/0/dev/mfoley/hadoop-0.20-security-205/src/docs/cn/src/documentation/skins/pelt/xslt/fo/../../../common/xslt/fo/document-to-fo.xsl:148:19
ERROR   (2011-10-07) 06:24.22:786   [cocoon.manager.fop] (Unknown-URI) Unknown-Thread/MessageHandler: TrueType warning: Can't find cvt table
ERROR   (2011-10-07) 06:24.22:786   [cocoon.manager.fop] (Unknown-URI) Unknown-Thread/MessageHandler: TrueType warning: Can't find prep table
WARN    (2011-10-07) 06:24.22:871   [cocoon.manager] (Unknown-URI) Unknown-Thread/TraxErrorListener: file:/grid/0/dev/mfoley/hadoop-0.20-security-205/src/docs/cn/src/documentation/skins/pelt/xslt/fo/../../../common/xslt/fo/document-to-fo.xsl:148:19
ERROR   (2011-10-07) 06:24.23:055   [cocoon.manager.fop] (Unknown-URI) Unknown-Thread/MessageHandler: TrueType warning: Can't find cvt table
ERROR   (2011-10-07) 06:24.23:055   [cocoon.manager.fop] (Unknown-URI) Unknown-Thread/MessageHandler: TrueType warning: Can't find prep table
WARN    (2011-10-07) 06:24.23:116   [cocoon.manager] (Unknown-URI) Unknown-Thread/TraxErrorListener: file:/grid/0/dev/mfoley/hadoop-0.20-security-205/src/docs/cn/src/documentation/skins/pelt/xslt/fo/../../../common/xslt/fo/document-to-fo.xsl:148:19
ERROR   (2011-10-07) 06:24.23:191   [cocoon.manager.fop] (Unknown-URI) Unknown-Thread/MessageHandler: Error in space-after property value '6pt"': org.apache.fop.fo.expr.PropertyException: missing quote
WARN    (2011-10-07) 06:24.23:277   [cocoon.manager.fop] (Unknown-URI) Unknown-Thread/Table: table-layout=auto is not supported, using fixed!
ERROR   (2011-10-07) 06:24.23:698   [cocoon.manager.fop] (Unknown-URI) Unknown-Thread/MessageHandler: TrueType warning: Can't find cvt table
ERROR   (2011-10-07) 06:24.23:698   [cocoon.manager.fop] (Unknown-URI) Unknown-Thread/MessageHandler: TrueType warning: Can't find prep table
WARN    (2011-10-07) 06:24.23:913   [cocoon.manager] (Unknown-URI) Unknown-Thread/SVGBuilder: setDocumentLocator was not called, will use http://localhost/ as base URI
WARN    (2011-10-07) 06:24.24:154   [cocoon.manager] (Unknown-URI) Unknown-Thread/TraxErrorListener: file:/grid/0/dev/mfoley/hadoop-0.20-security-205/src/docs/cn/src/documentation/skins/pelt/xslt/fo/../../../common/xslt/fo/document-to-fo.xsl:148:19
ERROR   (2011-10-07) 06:24.24:192   [cocoon.manager.fop] (Unknown-URI) Unknown-Thread/MessageHandler: property 'fonts-family' ignored
ERROR   (2011-10-07) 06:24.24:192   [cocoon.manager.fop] (Unknown-URI) Unknown-Thread/MessageHandler: property 'fonts-family' ignored
ERROR   (2011-10-07) 06:24.24:192   [cocoon.manager.fop] (Unknown-URI) Unknown-Thread/MessageHandler: property 'fonts-family' ignored
ERROR   (2011-10-07) 06:24.24:197   [cocoon.manager.fop] (Unknown-URI) Unknown-Thread/MessageHandler: property 'fonts-family' ignored
ERROR   (2011-10-07) 06:24.24:201   [cocoon.manager.fop] (Unknown-URI) Unknown-Thread/MessageHandler: property 'fonts-family' ignored
ERROR   (2011-10-07) 06:24.24:240   [cocoon.manager.fop] (Unknown-URI) Unknown-Thread/MessageHandler: property 'fonts-family' ignored
ERROR   (2011-10-07) 06:24.24:261   [cocoon.manager.fop] (Unknown-URI) Unknown-Thread/MessageHandler: property 'fonts-family' ignored
ERROR   (2011-10-07) 06:24.24:262   [cocoon.manager.fop] (Unknown-URI) Unknown-Thread/MessageHandler: property 'fonts-family' ignored
ERROR   (2011-10-07) 06:24.24:315   [cocoon.manager.fop] (Unknown-URI) Unknown-Thread/MessageHandler: property 'fonts-family' ignored
ERROR   (2011-10-07) 06:24.24:316   [cocoon.manager.fop] (Unknown-URI) Unknown-Thread/MessageHandler: property 'fonts-family' ignored
ERROR   (2011-10-07) 06:24.24:316   [cocoon.manager.fop] (Unknown-URI) Unknown-Thread/MessageHandler: property 'fonts-family' ignored
ERROR   (2011-10-07) 06:24.24:316   [cocoon.manager.fop] (Unknown-URI) Unknown-Thread/MessageHandler: property 'fonts-family' ignored
ERROR   (2011-10-07) 06:24.24:317   [cocoon.manager.fop] (Unknown-URI) Unknown-Thread/MessageHandler: property 'fonts-family' ignored
ERROR   (2011-10-07) 06:24.24:317   [cocoon.manager.fop] (Unknown-URI) Unknown-Thread/MessageHandler: property 'fonts-family' ignored
ERROR   (2011-10-07) 06:24.24:317   [cocoon.manager.fop] (Unknown-URI) Unknown-Thread/MessageHandler: property 'fonts-family' ignored
ERROR   (2011-10-07) 06:24.24:317   [cocoon.manager.fop] (Unknown-URI) Unknown-Thread/MessageHandler: property 'fonts-family' ignored
ERROR   (2011-10-07) 06:24.24:318   [cocoon.manager.fop] (Unknown-URI) Unknown-Thread/MessageHandler: property 'fonts-family' ignored
ERROR   (2011-10-07) 06:24.24:318   [cocoon.manager.fop] (Unknown-URI) Unknown-Thread/MessageHandler: property 'fonts-family' ignored
ERROR   (2011-10-07) 06:24.24:318   [cocoon.manager.fop] (Unknown-URI) Unknown-Thread/MessageHandler: property 'fonts-family' ignored
ERROR   (2011-10-07) 06:24.24:318   [cocoon.manager.fop] (Unknown-URI) Unknown-Thread/MessageHandler: property 'fonts-family' ignored
ERROR   (2011-10-07) 06:24.24:319   [cocoon.manager.fop] (Unknown-URI) Unknown-Thread/MessageHandler: property 'fonts-family' ignored
ERROR   (2011-10-07) 06:24.24:319   [cocoon.manager.fop] (Unknown-URI) Unknown-Thread/MessageHandler: property 'fonts-family' ignored
ERROR   (2011-10-07) 06:24.24:319   [cocoon.manager.fop] (Unknown-URI) Unknown-Thread/MessageHandler: property 'fonts-family' ignored
ERROR   (2011-10-07) 06:24.24:320   [cocoon.manager.fop] (Unknown-URI) Unknown-Thread/MessageHandler: property 'fonts-family' ignored
ERROR   (2011-10-07) 06:24.24:325   [cocoon.manager.fop] (Unknown-URI) Unknown-Thread/MessageHandler: property 'fonts-family' ignored
ERROR   (2011-10-07) 06:24.24:326   [cocoon.manager.fop] (Unknown-URI) Unknown-Thread/MessageHandler: property 'fonts-family' ignored
ERROR   (2011-10-07) 06:24.24:327   [cocoon.manager.fop] (Unknown-URI) Unknown-Thread/MessageHandler: property 'fonts-family' ignored
ERROR   (2011-10-07) 06:24.24:327   [cocoon.manager.fop] (Unknown-URI) Unknown-Thread/MessageHandler: property 'fonts-family' ignored
ERROR   (2011-10-07) 06:24.24:328   [cocoon.manager.fop] (Unknown-URI) Unknown-Thread/MessageHandler: property 'fonts-family' ignored
ERROR   (2011-10-07) 06:24.24:328   [cocoon.manager.fop] (Unknown-URI) Unknown-Thread/MessageHandler: property 'fonts-family' ignored
ERROR   (2011-10-07) 06:24.24:328   [cocoon.manager.fop] (Unknown-URI) Unknown-Thread/MessageHandler: property 'fonts-family' ignored
ERROR   (2011-10-07) 06:24.24:329   [cocoon.manager.fop] (Unknown-URI) Unknown-Thread/MessageHandler: property 'fonts-family' ignored
ERROR   (2011-10-07) 06:24.24:329   [cocoon.manager.fop] (Unknown-URI) Unknown-Thread/MessageHandler: property 'fonts-family' ignored
ERROR   (2011-10-07) 06:24.24:329   [cocoon.manager.fop] (Unknown-URI) Unknown-Thread/MessageHandler: property 'fonts-family' ignored
ERROR   (2011-10-07) 06:24.24:330   [cocoon.manager.fop] (Unknown-URI) Unknown-Thread/MessageHandler: property 'fonts-family' ignored
ERROR   (2011-10-07) 06:24.24:330   [cocoon.manager.fop] (Unknown-URI) Unknown-Thread/MessageHandler: property 'fonts-family' ignored
ERROR   (2011-10-07) 06:24.24:330   [cocoon.manager.fop] (Unknown-URI) Unknown-Thread/MessageHandler: property 'fonts-family' ignored
ERROR   (2011-10-07) 06:24.24:330   [cocoon.manager.fop] (Unknown-URI) Unknown-Thread/MessageHandler: property 'fonts-family' ignored
ERROR   (2011-10-07) 06:24.24:331   [cocoon.manager.fop] (Unknown-URI) Unknown-Thread/MessageHandler: property 'fonts-family' ignored
ERROR   (2011-10-07) 06:24.24:331   [cocoon.manager.fop] (Unknown-URI) Unknown-Thread/MessageHandler: property 'fonts-family' ignored
ERROR   (2011-10-07) 06:24.24:331   [cocoon.manager.fop] (Unknown-URI) Unknown-Thread/MessageHandler: property 'fonts-family' ignored
ERROR   (2011-10-07) 06:24.24:331   [cocoon.manager.fop] (Unknown-URI) Unknown-Thread/MessageHandler: property 'fonts-family' ignored
ERROR   (2011-10-07) 06:24.24:365   [cocoon.manager.fop] (Unknown-URI) Unknown-Thread/MessageHandler: property 'fonts-family' ignored
ERROR   (2011-10-07) 06:24.24:365   [cocoon.manager.fop] (Unknown-URI) Unknown-Thread/MessageHandler: property 'fonts-family' ignored
ERROR   (2011-10-07) 06:24.24:370   [cocoon.manager.fop] (Unknown-URI) Unknown-Thread/MessageHandler: property 'fonts-family' ignored
ERROR   (2011-10-07) 06:24.24:370   [cocoon.manager.fop] (Unknown-URI) Unknown-Thread/MessageHandler: property 'fonts-family' ignored
ERROR   (2011-10-07) 06:24.24:375   [cocoon.manager.fop] (Unknown-URI) Unknown-Thread/MessageHandler: property 'fonts-family' ignored
ERROR   (2011-10-07) 06:24.24:376   [cocoon.manager.fop] (Unknown-URI) Unknown-Thread/MessageHandler: property 'fonts-family' ignored
ERROR   (2011-10-07) 06:24.24:376   [cocoon.manager.fop] (Unknown-URI) Unknown-Thread/MessageHandler: property 'fonts-family' ignored
ERROR   (2011-10-07) 06:24.24:376   [cocoon.manager.fop] (Unknown-URI) Unknown-Thread/MessageHandler: property 'fonts-family' ignored
ERROR   (2011-10-07) 06:24.24:376   [cocoon.manager.fop] (Unknown-URI) Unknown-Thread/MessageHandler: property 'fonts-family' ignored
ERROR   (2011-10-07) 06:24.24:376   [cocoon.manager.fop] (Unknown-URI) Unknown-Thread/MessageHandler: property 'fonts-family' ignored
ERROR   (2011-10-07) 06:24.24:377   [cocoon.manager.fop] (Unknown-URI) Unknown-Thread/MessageHandler: property 'fonts-family' ignored
ERROR   (2011-10-07) 06:24.24:382   [cocoon.manager.fop] (Unknown-URI) Unknown-Thread/MessageHandler: property 'fonts-family' ignored
ERROR   (2011-10-07) 06:24.24:382   [cocoon.manager.fop] (Unknown-URI) Unknown-Thread/MessageHandler: property 'fonts-family' ignored
ERROR   (2011-10-07) 06:24.24:382   [cocoon.manager.fop] (Unknown-URI) Unknown-Thread/MessageHandler: property 'fonts-family' ignored
ERROR   (2011-10-07) 06:24.24:383   [cocoon.manager.fop] (Unknown-URI) Unknown-Thread/MessageHandler: property 'fonts-family' ignored
ERROR   (2011-10-07) 06:24.24:383   [cocoon.manager.fop] (Unknown-URI) Unknown-Thread/MessageHandler: property 'fonts-family' ignored
ERROR   (2011-10-07) 06:24.24:383   [cocoon.manager.fop] (Unknown-URI) Unknown-Thread/MessageHandler: property 'fonts-family' ignored
ERROR   (2011-10-07) 06:24.24:394   [cocoon.manager.fop] (Unknown-URI) Unknown-Thread/MessageHandler: property 'fonts-family' ignored
ERROR   (2011-10-07) 06:24.24:394   [cocoon.manager.fop] (Unknown-URI) Unknown-Thread/MessageHandler: property 'fonts-family' ignored
ERROR   (2011-10-07) 06:24.24:408   [cocoon.manager.fop] (Unknown-URI) Unknown-Thread/MessageHandler: property 'fonts-family' ignored
ERROR   (2011-10-07) 06:24.24:409   [cocoon.manager.fop] (Unknown-URI) Unknown-Thread/MessageHandler: property 'fonts-family' ignored
ERROR   (2011-10-07) 06:24.24:409   [cocoon.manager.fop] (Unknown-URI) Unknown-Thread/MessageHandler: property 'fonts-family' ignored
WARN    (2011-10-07) 06:24.24:503   [cocoon.manager.fop] (Unknown-URI) Unknown-Thread/Table: table-layout=auto is not supported, using fixed!
WARN    (2011-10-07) 06:24.24:505   [cocoon.manager.fop] (Unknown-URI) Unknown-Thread/Table: table-layout=auto is not supported, using fixed!
WARN    (2011-10-07) 06:24.24:507   [cocoon.manager.fop] (Unknown-URI) Unknown-Thread/Table: table-layout=auto is not supported, using fixed!
WARN    (2011-10-07) 06:24.24:508   [cocoon.manager.fop] (Unknown-URI) Unknown-Thread/Table: table-layout=auto is not supported, using fixed!
WARN    (2011-10-07) 06:24.24:509   [cocoon.manager.fop] (Unknown-URI) Unknown-Thread/Table: table-layout=auto is not supported, using fixed!
WARN    (2011-10-07) 06:24.24:510   [cocoon.manager.fop] (Unknown-URI) Unknown-Thread/Table: table-layout=auto is not supported, using fixed!
WARN    (2011-10-07) 06:24.24:513   [cocoon.manager.fop] (Unknown-URI) Unknown-Thread/Table: table-layout=auto is not supported, using fixed!
WARN    (2011-10-07) 06:24.24:514   [cocoon.manager.fop] (Unknown-URI) Unknown-Thread/Table: table-layout=auto is not supported, using fixed!
WARN    (2011-10-07) 06:24.24:518   [cocoon.manager.fop] (Unknown-URI) Unknown-Thread/Table: table-layout=auto is not supported, using fixed!
WARN    (2011-10-07) 06:24.24:521   [cocoon.manager.fop] (Unknown-URI) Unknown-Thread/Table: table-layout=auto is not supported, using fixed!
WARN    (2011-10-07) 06:24.24:526   [cocoon.manager.fop] (Unknown-URI) Unknown-Thread/Table: table-layout=auto is not supported, using fixed!
WARN    (2011-10-07) 06:24.24:528   [cocoon.manager.fop] (Unknown-URI) Unknown-Thread/Table: table-layout=auto is not supported, using fixed!
WARN    (2011-10-07) 06:24.24:533   [cocoon.manager.fop] (Unknown-URI) Unknown-Thread/Table: table-layout=auto is not supported, using fixed!
WARN    (2011-10-07) 06:24.24:534   [cocoon.manager.fop] (Unknown-URI) Unknown-Thread/Table: table-layout=auto is not supported, using fixed!
WARN    (2011-10-07) 06:24.24:534   [cocoon.manager.fop] (Unknown-URI) Unknown-Thread/Table: table-layout=auto is not supported, using fixed!
WARN    (2011-10-07) 06:24.24:540   [cocoon.manager.fop] (Unknown-URI) Unknown-Thread/Table: table-layout=auto is not supported, using fixed!
WARN    (2011-10-07) 06:24.24:543   [cocoon.manager.fop] (Unknown-URI) Unknown-Thread/Table: table-layout=auto is not supported, using fixed!
WARN    (2011-10-07) 06:24.24:544   [cocoon.manager.fop] (Unknown-URI) Unknown-Thread/Table: table-layout=auto is not supported, using fixed!
WARN    (2011-10-07) 06:24.24:549   [cocoon.manager.fop] (Unknown-URI) Unknown-Thread/Table: table-layout=auto is not supported, using fixed!
WARN    (2011-10-07) 06:24.24:550   [cocoon.manager.fop] (Unknown-URI) Unknown-Thread/Table: table-layout=auto is not supported, using fixed!
WARN    (2011-10-07) 06:24.24:552   [cocoon.manager.fop] (Unknown-URI) Unknown-Thread/Table: table-layout=auto is not supported, using fixed!
WARN    (2011-10-07) 06:24.24:556   [cocoon.manager.fop] (Unknown-URI) Unknown-Thread/Table: table-layout=auto is not supported, using fixed!
WARN    (2011-10-07) 06:24.24:557   [cocoon.manager.fop] (Unknown-URI) Unknown-Thread/Table: table-layout=auto is not supported, using fixed!
WARN    (2011-10-07) 06:24.24:564   [cocoon.manager.fop] (Unknown-URI) Unknown-Thread/Table: table-layout=auto is not supported, using fixed!
WARN    (2011-10-07) 06:24.24:572   [cocoon.manager.fop] (Unknown-URI) Unknown-Thread/Table: table-layout=auto is not supported, using fixed!
WARN    (2011-10-07) 06:24.24:574   [cocoon.manager.fop] (Unknown-URI) Unknown-Thread/Table: table-layout=auto is not supported, using fixed!
WARN    (2011-10-07) 06:24.24:578   [cocoon.manager.fop] (Unknown-URI) Unknown-Thread/Table: table-layout=auto is not supported, using fixed!
WARN    (2011-10-07) 06:24.24:642   [cocoon.manager.fop] (Unknown-URI) Unknown-Thread/Table: table-layout=auto is not supported, using fixed!
WARN    (2011-10-07) 06:24.24:672   [cocoon.manager.fop] (Unknown-URI) Unknown-Thread/Table: table-layout=auto is not supported, using fixed!
WARN    (2011-10-07) 06:24.24:675   [cocoon.manager.fop] (Unknown-URI) Unknown-Thread/Table: table-layout=auto is not supported, using fixed!
ERROR   (2011-10-07) 06:24.24:926   [cocoon.manager.fop] (Unknown-URI) Unknown-Thread/MessageHandler: TrueType warning: Can't find cvt table
ERROR   (2011-10-07) 06:24.24:926   [cocoon.manager.fop] (Unknown-URI) Unknown-Thread/MessageHandler: TrueType warning: Can't find prep table
WARN    (2011-10-07) 06:24.25:014   [cocoon.manager] (Unknown-URI) Unknown-Thread/TraxErrorListener: file:/grid/0/dev/mfoley/hadoop-0.20-security-205/src/docs/cn/src/documentation/skins/pelt/xslt/fo/../../../common/xslt/fo/document-to-fo.xsl:148:19
ERROR   (2011-10-07) 06:24.25:041   [cocoon.manager.fop] (Unknown-URI) Unknown-Thread/MessageHandler: property 'fonts-family' ignored
ERROR   (2011-10-07) 06:24.25:197   [cocoon.manager.fop] (Unknown-URI) Unknown-Thread/MessageHandler: property 'fonts-family' ignored
ERROR   (2011-10-07) 06:24.25:219   [cocoon.manager.fop] (Unknown-URI) Unknown-Thread/MessageHandler: property 'fonts-family' ignored
ERROR   (2011-10-07) 06:24.25:219   [cocoon.manager.fop] (Unknown-URI) Unknown-Thread/MessageHandler: property 'fonts-family' ignored
ERROR   (2011-10-07) 06:24.25:220   [cocoon.manager.fop] (Unknown-URI) Unknown-Thread/MessageHandler: property 'fonts-family' ignored
ERROR   (2011-10-07) 06:24.25:230   [cocoon.manager.fop] (Unknown-URI) Unknown-Thread/MessageHandler: property 'fonts-family' ignored
ERROR   (2011-10-07) 06:24.25:230   [cocoon.manager.fop] (Unknown-URI) Unknown-Thread/MessageHandler: property 'fonts-family' ignored
ERROR   (2011-10-07) 06:24.25:230   [cocoon.manager.fop] (Unknown-URI) Unknown-Thread/MessageHandler: property 'fonts-family' ignored
ERROR   (2011-10-07) 06:24.25:230   [cocoon.manager.fop] (Unknown-URI) Unknown-Thread/MessageHandler: property 'fonts-family' ignored
ERROR   (2011-10-07) 06:24.25:233   [cocoon.manager.fop] (Unknown-URI) Unknown-Thread/MessageHandler: property 'fonts-family' ignored
ERROR   (2011-10-07) 06:24.25:233   [cocoon.manager.fop] (Unknown-URI) Unknown-Thread/MessageHandler: property 'fonts-family' ignored
ERROR   (2011-10-07) 06:24.25:233   [cocoon.manager.fop] (Unknown-URI) Unknown-Thread/MessageHandler: property 'fonts-family' ignored
ERROR   (2011-10-07) 06:24.25:233   [cocoon.manager.fop] (Unknown-URI) Unknown-Thread/MessageHandler: property 'fonts-family' ignored
ERROR   (2011-10-07) 06:24.25:233   [cocoon.manager.fop] (Unknown-URI) Unknown-Thread/MessageHandler: property 'fonts-family' ignored
ERROR   (2011-10-07) 06:24.25:236   [cocoon.manager.fop] (Unknown-URI) Unknown-Thread/MessageHandler: property 'fonts-family' ignored
ERROR   (2011-10-07) 06:24.25:236   [cocoon.manager.fop] (Unknown-URI) Unknown-Thread/MessageHandler: property 'fonts-family' ignored
ERROR   (2011-10-07) 06:24.25:236   [cocoon.manager.fop] (Unknown-URI) Unknown-Thread/MessageHandler: property 'fonts-family' ignored
ERROR   (2011-10-07) 06:24.25:237   [cocoon.manager.fop] (Unknown-URI) Unknown-Thread/MessageHandler: property 'fonts-family' ignored
WARN    (2011-10-07) 06:24.25:306   [cocoon.manager.fop] (Unknown-URI) Unknown-Thread/Table: table-layout=auto is not supported, using fixed!
WARN    (2011-10-07) 06:24.25:310   [cocoon.manager.fop] (Unknown-URI) Unknown-Thread/Table: table-layout=auto is not supported, using fixed!
WARN    (2011-10-07) 06:24.25:318   [cocoon.manager.fop] (Unknown-URI) Unknown-Thread/Table: table-layout=auto is not supported, using fixed!
WARN    (2011-10-07) 06:24.25:322   [cocoon.manager.fop] (Unknown-URI) Unknown-Thread/Table: table-layout=auto is not supported, using fixed!
WARN    (2011-10-07) 06:24.25:327   [cocoon.manager.fop] (Unknown-URI) Unknown-Thread/Table: table-layout=auto is not supported, using fixed!
WARN    (2011-10-07) 06:24.25:335   [cocoon.manager.fop] (Unknown-URI) Unknown-Thread/Table: table-layout=auto is not supported, using fixed!
WARN    (2011-10-07) 06:24.25:343   [cocoon.manager.fop] (Unknown-URI) Unknown-Thread/Table: table-layout=auto is not supported, using fixed!
WARN    (2011-10-07) 06:24.25:353   [cocoon.manager.fop] (Unknown-URI) Unknown-Thread/Table: table-layout=auto is not supported, using fixed!
WARN    (2011-10-07) 06:24.25:356   [cocoon.manager.fop] (Unknown-URI) Unknown-Thread/Table: table-layout=auto is not supported, using fixed!
WARN    (2011-10-07) 06:24.25:359   [cocoon.manager.fop] (Unknown-URI) Unknown-Thread/Table: table-layout=auto is not supported, using fixed!
WARN    (2011-10-07) 06:24.25:362   [cocoon.manager.fop] (Unknown-URI) Unknown-Thread/Table: table-layout=auto is not supported, using fixed!
WARN    (2011-10-07) 06:24.25:379   [cocoon.manager.fop] (Unknown-URI) Unknown-Thread/Table: table-layout=auto is not supported, using fixed!
WARN    (2011-10-07) 06:24.25:384   [cocoon.manager.fop] (Unknown-URI) Unknown-Thread/Table: table-layout=auto is not supported, using fixed!
ERROR   (2011-10-07) 06:24.25:577   [cocoon.manager.fop] (Unknown-URI) Unknown-Thread/MessageHandler: TrueType warning: Can't find cvt table
ERROR   (2011-10-07) 06:24.25:577   [cocoon.manager.fop] (Unknown-URI) Unknown-Thread/MessageHandler: TrueType warning: Can't find prep table
WARN    (2011-10-07) 06:24.25:615   [cocoon.manager] (Unknown-URI) Unknown-Thread/SVGBuilder: setDocumentLocator was not called, will use http://localhost/ as base URI
WARN    (2011-10-07) 06:24.25:658   [cocoon.manager] (Unknown-URI) Unknown-Thread/TraxErrorListener: file:/grid/0/dev/mfoley/hadoop-0.20-security-205/src/docs/cn/src/documentation/skins/pelt/xslt/fo/../../../common/xslt/fo/document-to-fo.xsl:148:19
ERROR   (2011-10-07) 06:24.25:676   [cocoon.manager.fop] (Unknown-URI) Unknown-Thread/MessageHandler: Error in space-after property value '6pt"': org.apache.fop.fo.expr.PropertyException: missing quote
ERROR   (2011-10-07) 06:24.25:682   [cocoon.manager.fop] (Unknown-URI) Unknown-Thread/MessageHandler: Error in space-after property value '6pt"': org.apache.fop.fo.expr.PropertyException: missing quote
ERROR   (2011-10-07) 06:24.25:698   [cocoon.manager.fop] (Unknown-URI) Unknown-Thread/MessageHandler: property 'fonts-family' ignored
ERROR   (2011-10-07) 06:24.25:699   [cocoon.manager.fop] (Unknown-URI) Unknown-Thread/MessageHandler: property 'fonts-family' ignored
ERROR   (2011-10-07) 06:24.25:779   [cocoon.manager.fop] (Unknown-URI) Unknown-Thread/MessageHandler: property 'fonts-family' ignored
ERROR   (2011-10-07) 06:24.25:779   [cocoon.manager.fop] (Unknown-URI) Unknown-Thread/MessageHandler: property 'fonts-family' ignored
ERROR   (2011-10-07) 06:24.25:779   [cocoon.manager.fop] (Unknown-URI) Unknown-Thread/MessageHandler: property 'fonts-family' ignored
ERROR   (2011-10-07) 06:24.25:780   [cocoon.manager.fop] (Unknown-URI) Unknown-Thread/MessageHandler: property 'fonts-family' ignored
ERROR   (2011-10-07) 06:24.25:780   [cocoon.manager.fop] (Unknown-URI) Unknown-Thread/MessageHandler: property 'fonts-family' ignored
ERROR   (2011-10-07) 06:24.25:784   [cocoon.manager.fop] (Unknown-URI) Unknown-Thread/MessageHandler: property 'fonts-family' ignored
ERROR   (2011-10-07) 06:24.25:784   [cocoon.manager.fop] (Unknown-URI) Unknown-Thread/MessageHandler: property 'fonts-family' ignored
ERROR   (2011-10-07) 06:24.25:785   [cocoon.manager.fop] (Unknown-URI) Unknown-Thread/MessageHandler: property 'fonts-family' ignored
ERROR   (2011-10-07) 06:24.25:787   [cocoon.manager.fop] (Unknown-URI) Unknown-Thread/MessageHandler: property 'fonts-family' ignored
ERROR   (2011-10-07) 06:24.25:787   [cocoon.manager.fop] (Unknown-URI) Unknown-Thread/MessageHandler: property 'fonts-family' ignored
ERROR   (2011-10-07) 06:24.25:787   [cocoon.manager.fop] (Unknown-URI) Unknown-Thread/MessageHandler: property 'fonts-family' ignored
WARN    (2011-10-07) 06:24.25:833   [cocoon.manager.fop] (Unknown-URI) Unknown-Thread/Table: table-layout=auto is not supported, using fixed!
WARN    (2011-10-07) 06:24.25:840   [cocoon.manager.fop] (Unknown-URI) Unknown-Thread/Table: table-layout=auto is not supported, using fixed!
WARN    (2011-10-07) 06:24.25:855   [cocoon.manager.fop] (Unknown-URI) Unknown-Thread/Table: table-layout=auto is not supported, using fixed!
WARN    (2011-10-07) 06:24.25:864   [cocoon.manager.fop] (Unknown-URI) Unknown-Thread/Table: table-layout=auto is not supported, using fixed!
ERROR   (2011-10-07) 06:24.26:056   [cocoon.manager.fop] (Unknown-URI) Unknown-Thread/MessageHandler: TrueType warning: Can't find cvt table
ERROR   (2011-10-07) 06:24.26:056   [cocoon.manager.fop] (Unknown-URI) Unknown-Thread/MessageHandler: TrueType warning: Can't find prep table
WARN    (2011-10-07) 06:24.26:136   [cocoon.manager] (Unknown-URI) Unknown-Thread/TraxErrorListener: file:/grid/0/dev/mfoley/hadoop-0.20-security-205/src/docs/cn/src/documentation/skins/pelt/xslt/fo/../../../common/xslt/fo/document-to-fo.xsl:148:19
ERROR   (2011-10-07) 06:24.26:318   [cocoon.manager.fop] (Unknown-URI) Unknown-Thread/MessageHandler: TrueType warning: Can't find cvt table
ERROR   (2011-10-07) 06:24.26:318   [cocoon.manager.fop] (Unknown-URI) Unknown-Thread/MessageHandler: TrueType warning: Can't find prep table
WARN    (2011-10-07) 06:24.26:351   [cocoon.manager] (Unknown-URI) Unknown-Thread/TraxErrorListener: file:/grid/0/dev/mfoley/hadoop-0.20-security-205/src/docs/cn/src/documentation/skins/pelt/xslt/fo/../../../common/xslt/fo/document-to-fo.xsl:148:19
ERROR   (2011-10-07) 06:24.26:370   [cocoon.manager.fop] (Unknown-URI) Unknown-Thread/MessageHandler: property 'fonts-family' ignored
ERROR   (2011-10-07) 06:24.26:370   [cocoon.manager.fop] (Unknown-URI) Unknown-Thread/MessageHandler: property 'fonts-family' ignored
WARN    (2011-10-07) 06:24.26:501   [cocoon.manager.fop] (Unknown-URI) Unknown-Thread/Table: table-layout=auto is not supported, using fixed!
ERROR   (2011-10-07) 06:24.26:694   [cocoon.manager.fop] (Unknown-URI) Unknown-Thread/MessageHandler: TrueType warning: Can't find cvt table
ERROR   (2011-10-07) 06:24.26:694   [cocoon.manager.fop] (Unknown-URI) Unknown-Thread/MessageHandler: TrueType warning: Can't find prep table
WARN    (2011-10-07) 06:24.26:885   [cocoon.manager] (Unknown-URI) Unknown-Thread/TraxErrorListener: file:/grid/0/dev/mfoley/hadoop-0.20-security-205/src/docs/cn/src/documentation/skins/pelt/xslt/fo/../../../common/xslt/fo/document-to-fo.xsl:148:19
ERROR   (2011-10-07) 06:24.26:907   [cocoon.manager.fop] (Unknown-URI) Unknown-Thread/MessageHandler: property 'fonts-family' ignored
ERROR   (2011-10-07) 06:24.26:919   [cocoon.manager.fop] (Unknown-URI) Unknown-Thread/MessageHandler: property 'fonts-family' ignored
ERROR   (2011-10-07) 06:24.26:921   [cocoon.manager.fop] (Unknown-URI) Unknown-Thread/MessageHandler: property 'fonts-family' ignored
ERROR   (2011-10-07) 06:24.26:921   [cocoon.manager.fop] (Unknown-URI) Unknown-Thread/MessageHandler: property 'fonts-family' ignored
ERROR   (2011-10-07) 06:24.26:921   [cocoon.manager.fop] (Unknown-URI) Unknown-Thread/MessageHandler: property 'fonts-family' ignored
ERROR   (2011-10-07) 06:24.26:921   [cocoon.manager.fop] (Unknown-URI) Unknown-Thread/MessageHandler: property 'fonts-family' ignored
ERROR   (2011-10-07) 06:24.26:922   [cocoon.manager.fop] (Unknown-URI) Unknown-Thread/MessageHandler: property 'fonts-family' ignored
ERROR   (2011-10-07) 06:24.26:926   [cocoon.manager.fop] (Unknown-URI) Unknown-Thread/MessageHandler: property 'fonts-family' ignored
ERROR   (2011-10-07) 06:24.26:930   [cocoon.manager.fop] (Unknown-URI) Unknown-Thread/MessageHandler: property 'fonts-family' ignored
ERROR   (2011-10-07) 06:24.26:930   [cocoon.manager.fop] (Unknown-URI) Unknown-Thread/MessageHandler: property 'fonts-family' ignored
ERROR   (2011-10-07) 06:24.26:930   [cocoon.manager.fop] (Unknown-URI) Unknown-Thread/MessageHandler: property 'fonts-family' ignored
ERROR   (2011-10-07) 06:24.26:931   [cocoon.manager.fop] (Unknown-URI) Unknown-Thread/MessageHandler: property 'fonts-family' ignored
ERROR   (2011-10-07) 06:24.26:931   [cocoon.manager.fop] (Unknown-URI) Unknown-Thread/MessageHandler: property 'fonts-family' ignored
ERROR   (2011-10-07) 06:24.26:931   [cocoon.manager.fop] (Unknown-URI) Unknown-Thread/MessageHandler: property 'fonts-family' ignored
ERROR   (2011-10-07) 06:24.26:931   [cocoon.manager.fop] (Unknown-URI) Unknown-Thread/MessageHandler: property 'fonts-family' ignored
ERROR   (2011-10-07) 06:24.26:931   [cocoon.manager.fop] (Unknown-URI) Unknown-Thread/MessageHandler: property 'fonts-family' ignored
ERROR   (2011-10-07) 06:24.26:933   [cocoon.manager.fop] (Unknown-URI) Unknown-Thread/MessageHandler: property 'fonts-family' ignored
ERROR   (2011-10-07) 06:24.26:935   [cocoon.manager.fop] (Unknown-URI) Unknown-Thread/MessageHandler: property 'fonts-family' ignored
ERROR   (2011-10-07) 06:24.26:938   [cocoon.manager.fop] (Unknown-URI) Unknown-Thread/MessageHandler: property 'fonts-family' ignored
ERROR   (2011-10-07) 06:24.26:940   [cocoon.manager.fop] (Unknown-URI) Unknown-Thread/MessageHandler: property 'fonts-family' ignored
ERROR   (2011-10-07) 06:24.26:941   [cocoon.manager.fop] (Unknown-URI) Unknown-Thread/MessageHandler: property 'fonts-family' ignored
ERROR   (2011-10-07) 06:24.26:943   [cocoon.manager.fop] (Unknown-URI) Unknown-Thread/MessageHandler: property 'fonts-family' ignored
ERROR   (2011-10-07) 06:24.26:945   [cocoon.manager.fop] (Unknown-URI) Unknown-Thread/MessageHandler: property 'fonts-family' ignored
ERROR   (2011-10-07) 06:24.26:949   [cocoon.manager.fop] (Unknown-URI) Unknown-Thread/MessageHandler: property 'fonts-family' ignored
ERROR   (2011-10-07) 06:24.26:951   [cocoon.manager.fop] (Unknown-URI) Unknown-Thread/MessageHandler: property 'fonts-family' ignored
ERROR   (2011-10-07) 06:24.26:953   [cocoon.manager.fop] (Unknown-URI) Unknown-Thread/MessageHandler: property 'fonts-family' ignored
ERROR   (2011-10-07) 06:24.26:953   [cocoon.manager.fop] (Unknown-URI) Unknown-Thread/MessageHandler: property 'fonts-family' ignored
ERROR   (2011-10-07) 06:24.26:953   [cocoon.manager.fop] (Unknown-URI) Unknown-Thread/MessageHandler: property 'fonts-family' ignored
ERROR   (2011-10-07) 06:24.26:953   [cocoon.manager.fop] (Unknown-URI) Unknown-Thread/MessageHandler: property 'fonts-family' ignored
ERROR   (2011-10-07) 06:24.26:955   [cocoon.manager.fop] (Unknown-URI) Unknown-Thread/MessageHandler: property 'fonts-family' ignored
ERROR   (2011-10-07) 06:24.26:956   [cocoon.manager.fop] (Unknown-URI) Unknown-Thread/MessageHandler: property 'fonts-family' ignored
ERROR   (2011-10-07) 06:24.26:957   [cocoon.manager.fop] (Unknown-URI) Unknown-Thread/MessageHandler: property 'fonts-family' ignored
ERROR   (2011-10-07) 06:24.27:223   [cocoon.manager.fop] (Unknown-URI) Unknown-Thread/MessageHandler: TrueType warning: Can't find cvt table
ERROR   (2011-10-07) 06:24.27:223   [cocoon.manager.fop] (Unknown-URI) Unknown-Thread/MessageHandler: TrueType warning: Can't find prep table
WARN    (2011-10-07) 06:24.27:273   [cocoon.manager] (Unknown-URI) Unknown-Thread/TraxErrorListener: file:/grid/0/dev/mfoley/hadoop-0.20-security-205/src/docs/cn/src/documentation/skins/pelt/xslt/fo/../../../common/xslt/fo/document-to-fo.xsl:148:19
ERROR   (2011-10-07) 06:24.27:288   [cocoon.manager.fop] (Unknown-URI) Unknown-Thread/MessageHandler: property 'fonts-family' ignored
ERROR   (2011-10-07) 06:24.27:298   [cocoon.manager.fop] (Unknown-URI) Unknown-Thread/MessageHandler: property 'fonts-family' ignored
ERROR   (2011-10-07) 06:24.27:299   [cocoon.manager.fop] (Unknown-URI) Unknown-Thread/MessageHandler: property 'fonts-family' ignored
ERROR   (2011-10-07) 06:24.27:299   [cocoon.manager.fop] (Unknown-URI) Unknown-Thread/MessageHandler: property 'fonts-family' ignored
ERROR   (2011-10-07) 06:24.27:299   [cocoon.manager.fop] (Unknown-URI) Unknown-Thread/MessageHandler: Error in space-after property value '6pt"': org.apache.fop.fo.expr.PropertyException: missing quote
ERROR   (2011-10-07) 06:24.27:299   [cocoon.manager.fop] (Unknown-URI) Unknown-Thread/MessageHandler: property 'fonts-family' ignored
ERROR   (2011-10-07) 06:24.27:666   [cocoon.manager.fop] (Unknown-URI) Unknown-Thread/MessageHandler: TrueType warning: Can't find cvt table
ERROR   (2011-10-07) 06:24.27:667   [cocoon.manager.fop] (Unknown-URI) Unknown-Thread/MessageHandler: TrueType warning: Can't find prep table
WARN    (2011-10-07) 06:24.27:805   [cocoon.manager] (Unknown-URI) Unknown-Thread/TraxErrorListener: file:/grid/0/dev/mfoley/hadoop-0.20-security-205/src/docs/cn/src/documentation/skins/pelt/xslt/fo/../../../common/xslt/fo/document-to-fo.xsl:148:19
ERROR   (2011-10-07) 06:24.27:984   [cocoon.manager.fop] (Unknown-URI) Unknown-Thread/MessageHandler: TrueType warning: Can't find cvt table
ERROR   (2011-10-07) 06:24.27:984   [cocoon.manager.fop] (Unknown-URI) Unknown-Thread/MessageHandler: TrueType warning: Can't find prep table
WARN    (2011-10-07) 06:24.28:011   [cocoon.manager] (Unknown-URI) Unknown-Thread/TraxErrorListener: file:/grid/0/dev/mfoley/hadoop-0.20-security-205/src/docs/cn/src/documentation/skins/pelt/xslt/fo/../../../common/xslt/fo/document-to-fo.xsl:148:19
WARN    (2011-10-07) 06:24.28:184   [cocoon.manager.fop] (Unknown-URI) Unknown-Thread/Table: table-layout=auto is not supported, using fixed!
ERROR   (2011-10-07) 06:24.28:378   [cocoon.manager.fop] (Unknown-URI) Unknown-Thread/MessageHandler: TrueType warning: Can't find cvt table
ERROR   (2011-10-07) 06:24.28:378   [cocoon.manager.fop] (Unknown-URI) Unknown-Thread/MessageHandler: TrueType warning: Can't find prep table
WARN    (2011-10-07) 06:24.28:415   [cocoon.manager] (Unknown-URI) Unknown-Thread/SVGBuilder: setDocumentLocator was not called, will use http://localhost/ as base URI
WARN    (2011-10-07) 06:24.28:423   [cocoon.manager] (Unknown-URI) Unknown-Thread/CoreServiceManager: disposing of handler for unreleased component. role [org.apache.cocoon.components.treeprocessor.ProcessorComponentInfo]
WARN    (2011-10-07) 06:24.28:423   [cocoon.manager] (Unknown-URI) Unknown-Thread/CoreServiceManager: disposing of handler for unreleased component. role [org.apache.cocoon.components.treeprocessor.ProcessorComponentInfo]
WARN    (2011-10-07) 06:24.28:423   [cocoon.manager] (Unknown-URI) Unknown-Thread/CoreServiceManager: disposing of handler for unreleased component. role [org.apache.cocoon.components.treeprocessor.ProcessorComponentInfo]
WARN    (2011-10-07) 06:24.28:424   [cocoon.manager] (Unknown-URI) Unknown-Thread/CoreServiceManager: disposing of handler for unreleased component. role [org.apache.cocoon.components.treeprocessor.ProcessorComponentInfo]
WARN    (2011-10-07) 06:24.28:424   [cocoon.manager] (Unknown-URI) Unknown-Thread/CoreServiceManager: disposing of handler for unreleased component. role [org.apache.cocoon.components.treeprocessor.ProcessorComponentInfo]
WARN    (2011-10-07) 06:24.28:424   [cocoon.manager] (Unknown-URI) Unknown-Thread/CoreServiceManager: disposing of handler for unreleased component. role [org.apache.cocoon.components.treeprocessor.ProcessorComponentInfo]
WARN    (2011-10-07) 06:24.28:424   [cocoon.manager] (Unknown-URI) Unknown-Thread/CoreServiceManager: disposing of handler for unreleased component. role [org.apache.cocoon.components.treeprocessor.ProcessorComponentInfo]
WARN    (2011-10-07) 06:24.28:424   [cocoon.manager] (Unknown-URI) Unknown-Thread/CoreServiceManager: disposing of handler for unreleased component. role [org.apache.cocoon.components.treeprocessor.ProcessorComponentInfo]
WARN    (2011-10-07) 06:24.28:424   [cocoon.manager] (Unknown-URI) Unknown-Thread/CoreServiceManager: disposing of handler for unreleased component. role [org.apache.cocoon.components.treeprocessor.ProcessorComponentInfo]
WARN    (2011-10-07) 06:24.28:424   [cocoon.manager] (Unknown-URI) Unknown-Thread/CoreServiceManager: disposing of handler for unreleased component. role [org.apache.cocoon.components.treeprocessor.ProcessorComponentInfo]
WARN    (2011-10-07) 06:24.28:425   [cocoon.manager] (Unknown-URI) Unknown-Thread/CoreServiceManager: disposing of handler for unreleased component. role [org.apache.cocoon.components.treeprocessor.ProcessorComponentInfo]
WARN    (2011-10-07) 06:24.28:425   [cocoon.manager] (Unknown-URI) Unknown-Thread/CoreServiceManager: disposing of handler for unreleased component. role [org.apache.cocoon.components.treeprocessor.ProcessorComponentInfo]
WARN    (2011-10-07) 06:24.28:425   [cocoon.manager] (Unknown-URI) Unknown-Thread/CoreServiceManager: disposing of handler for unreleased component. role [org.apache.cocoon.selection.SelectorSelector]
WARN    (2011-10-07) 06:24.28:425   [cocoon.manager] (Unknown-URI) Unknown-Thread/CoreServiceManager: disposing of handler for unreleased component. role [org.apache.cocoon.components.treeprocessor.ProcessorComponentInfo]
WARN    (2011-10-07) 06:24.28:425   [cocoon.manager] (Unknown-URI) Unknown-Thread/CoreServiceManager: disposing of handler for unreleased component. role [org.apache.cocoon.selection.Selector/parameter]
WARN    (2011-10-07) 06:24.28:425   [cocoon.manager] (Unknown-URI) Unknown-Thread/CoreServiceManager: disposing of handler for unreleased component. role [org.apache.cocoon.acting.ActionSelector]
WARN    (2011-10-07) 06:24.28:425   [cocoon.manager] (Unknown-URI) Unknown-Thread/CoreServiceManager: disposing of handler for unreleased component. role [org.apache.cocoon.acting.Action/sourcetype]
WARN    (2011-10-07) 06:24.28:425   [cocoon.manager] (Unknown-URI) Unknown-Thread/CoreServiceManager: disposing of handler for unreleased component. role [org.apache.cocoon.components.treeprocessor.ProcessorComponentInfo]
WARN    (2011-10-07) 06:24.28:426   [cocoon.manager] (Unknown-URI) Unknown-Thread/CoreServiceManager: disposing of handler for unreleased component. role [org.apache.cocoon.components.treeprocessor.ProcessorComponentInfo]
WARN    (2011-10-07) 06:24.28:426   [cocoon.manager] (Unknown-URI) Unknown-Thread/CoreServiceManager: disposing of handler for unreleased component. role [org.apache.cocoon.components.treeprocessor.ProcessorComponentInfo]
WARN    (2011-10-07) 06:24.28:426   [cocoon.manager] (Unknown-URI) Unknown-Thread/CoreServiceManager: disposing of handler for unreleased component. role [org.apache.cocoon.selection.Selector/config]
WARN    (2011-10-07) 06:24.28:426   [cocoon.manager] (Unknown-URI) Unknown-Thread/CoreServiceManager: disposing of handler for unreleased component. role [org.apache.cocoon.components.treeprocessor.ProcessorComponentInfo]
WARN    (2011-10-07) 06:24.28:426   [cocoon.manager] (Unknown-URI) Unknown-Thread/CoreServiceManager: disposing of handler for unreleased component. role [org.apache.cocoon.acting.Action/locale]
WARN    (2011-10-07) 06:24.28:426   [cocoon.manager] (Unknown-URI) Unknown-Thread/CoreServiceManager: disposing of handler for unreleased component. role [org.apache.cocoon.acting.ActionSelector]
WARN    (2011-10-07) 06:24.28:426   [cocoon.manager] (Unknown-URI) Unknown-Thread/CoreServiceManager: disposing of handler for unreleased component. role [org.apache.cocoon.selection.SelectorSelector]
WARN    (2011-10-07) 06:24.31:098   [cocoon.manager] (Unknown-URI) Unknown-Thread/CoreServiceManager: disposing of handler for unreleased component. role [org.apache.cocoon.components.treeprocessor.ProcessorComponentInfo]
WARN    (2011-10-07) 06:24.31:098   [cocoon.manager] (Unknown-URI) Unknown-Thread/CoreServiceManager: disposing of handler for unreleased component. role [org.apache.excalibur.source.SourceResolver]
WARN    (2011-10-07) 06:24.31:098   [cocoon.manager] (Unknown-URI) Unknown-Thread/CoreServiceManager: disposing of handler for unreleased component. role [org.apache.excalibur.xml.xpath.XPathProcessor]
WARN    (2011-10-07) 06:24.31:098   [cocoon.manager] (Unknown-URI) Unknown-Thread/CoreServiceManager: disposing of handler for unreleased component. role [org.apache.excalibur.xml.sax.SAXParser]
WARN    (2011-10-07) 06:24.31:099   [cocoon.manager] (Unknown-URI) Unknown-Thread/CoreServiceManager: disposing of handler for unreleased component. role [org.apache.excalibur.xml.EntityResolver]
WARN    (2011-10-07) 06:24.31:099   [cocoon.manager] (Unknown-URI) Unknown-Thread/CoreServiceManager: disposing of handler for unreleased component. role [org.apache.cocoon.components.modules.input.InputModuleSelector]
